 Jun-04 13:09:46:Log located in /home/slym/PycharmProjects/MEXBOT/Cython/Core/Aux9OhdLkaNFdaxUH_BUgNEOsXW.log
   
 |   Alpha Public version ; expires 07.07.2019. Updates will follow !                              |
 [33m|   Disclaimer : You assume all risks and responsibilities by using this software's beta          |[0m
 [33m|                version ! It may contain bugs...                                                 |[0m
 |   If you enjoy this script consider opening an account under my ref. link and enjoy a 6         |
 |   months 10% trading fee rebate: https://www.bitmex.com/register/sWN0ys                         |
 |   ( Some additional features will be added for referred accounts )                              |
 |                        Thank you !                         [96mTwitter @slym85[0m / [95mTelegram @JohnN_N[0m  |
 |                                                               https://github.com/John-NN/MexUI  |
   
Jun-04 13:09:47:[96m WS[0m Connecting... V.1.3b 
Jun-04 13:09:48: Commission Check: Fee is 0.675% Taker ; [92mAccount Ref OK[0m
Jun-04 13:09:52:[96m WS[0m Connecting... V.1.3b 
Jun-04 13:09:53:[96m WS[0m Subscribed to 41 strings in total 
Jun-04 13:15:17:[96m WS[0m 1 order(s) created for XBTU19 
Jun-04 13:15:17:[96m WS[0m 1 order(s) moved for XBTU19 
Jun-04 13:15:17:[96m WS[0m [33mExec [33m- [33mSell [33m2009 [33mContracts [33mXBTU19 [33m@ [33m7743-> [0m
Jun-04 13:15:40:[96m WS[0m 1 order(s) created for ETHUSD 
Jun-04 13:15:41:[96m WS[0m 1 order(s) moved for ETHUSD 
Jun-04 13:15:41:[96m WS[0m [33mExec [33m- [33mSell [33m614 [33mContracts [33mETHUSD [33m@ [33m240.5-> [0m
Jun-04 13:28:43:[96m WS[0m 1 order(s) created for XBTUSD 
Jun-04 13:28:43:[96m WS[0m [33mExec [33m- [33mBuy [33m4017 [33mContracts [33mXBTUSD [33m@ [33m7934.5-> [0m
Jun-04 13:28:43:[96m WS[0m 1 order(s) canceled for XBTUSD
Jun-04 13:28:47:[96m WS[0m 30 order(s) canceled for XBTUSD
Jun-04 13:35:25:[96m WS[0m 20 order(s) created for XBTU19 
Jun-04 13:37:34:[96m WS[0m 7 order(s) created for XBTUSD 
Jun-04 13:37:35:[96m WS[0m 1 order(s) moved for XBTUSD 
Jun-04 13:37:35:[96m WS[0m [33mExec [33m- [33mBuy [33m536 [33mContracts [33mXBTUSD [33m@ [33m8152.5-> [0m
Jun-04 13:37:44:[96m WS[0m 1 order(s) created for XBTUSD 
Jun-04 13:37:44:[96m WS[0m SL placed for XBTUSD @ 7899
Jun-04 13:37:55:[96m WS[0m 1 order(s) created for XBTU19 
Jun-04 13:37:55:[96m WS[0m [33mExec [33m- [33mBuy [33m4679 [33mContracts [33mXBTU19 [33m@ [33m7931.5-> [0m
Jun-04 13:37:55:[96m WS[0m 1 order(s) canceled for XBTU19
Jun-04 13:38:02:[96m WS[0m 1 order(s) created for ETHUSD 
Jun-04 13:38:02:[96m WS[0m [33mExec [33m- [33mBuy [33m614 [33mContracts [33mETHUSD [33m@ [33m246.75-> [0m
Jun-04 13:38:03:[96m WS[0m 1 order(s) canceled for ETHUSD
Jun-04 13:47:29:[96m WS[0m 1 order(s) created for XBTUSD 
Jun-04 13:47:29:[96m WS[0m [33mExec [33m- [33mSell [33m536 [33mContracts [33mXBTUSD [33m@ [33m7928-> [0m
Jun-04 13:47:30:[96m WS[0m 1 order(s) canceled for XBTUSD
Jun-04 13:47:31:[96m WS[0m 1 order(s) moved for XBTUSD 
Jun-04 13:47:31:[96m WS[0m [33mExec [33m- [33mSell [33m2722 [33mContracts [33mXBTUSD [33m@ [33m7697-> [0m
Jun-04 13:47:32:[96m WS[0m 25 order(s) created for XBTUSD 
Jun-04 13:47:47:[96m WS[0m 3 order(s) moved for XBTUSD 
Jun-04 13:47:47:[96m WS[0m Stop Loss moved for XBTUSD @ 3333
Jun-04 13:47:47:[96m WS[0m 2 order(s) canceled for XBTUSD
Jun-04 13:59:24:[96m WS[0m 30 order(s) canceled for XBTUSD
Jun-04 13:59:25:[96m WS[0m 1 order(s) created for XBTUSD 
Jun-04 13:59:25:[96m WS[0m SL placed for XBTUSD @ 7945
Jun-04 13:59:27:[96m WS[0m 1 order(s) canceled for XBTUSD
Jun-04 13:59:40:[96m WS[0m 1 order(s) created for XBTUSD 
Jun-04 13:59:40:[96m WS[0m SL placed for XBTUSD @ 7983
Jun-04 14:00:29:[96m WS[0m- XBTUSD TP New Limit Order : 2722 Contracts @ 7821 
Jun-04 14:00:31:[96m WS[0m- XBTUSD TP Moved Limit Order : 2722 Contracts @ 7821 
Jun-04 14:00:45:[96m WS[0m 22 order(s) created for XBTUSD 
Jun-04 14:22:37:[96m WS[0m 1 order(s) canceled for XBTUSD
Jun-04 14:22:37:[96m WS[0m 1 order(s) created for XBTUSD 
Jun-04 14:22:37:[96m WS[0m [33mExec [33m- [33mBuy [33m2722 [33mContracts [33mXBTUSD [33m@ [33m7908.5-> [0m
Jun-04 14:22:38:[96m WS[0m 1 order(s) canceled for XBTUSD
Jun-04 14:25:24:[96m WS[0m 7 order(s) created for XBTUSD 
Jun-04 14:25:24:[96m WS[0m 1 order(s) moved for XBTUSD 
Jun-04 14:25:24:[96m WS[0m [33mExec [33m- [33mBuy [33m2718 [33mContracts [33mXBTUSD [33m@ [33m8127-> [0m
Jun-04 14:34:04:[96m WS[0m 22 order(s) moved for XBTUSD 
Jun-04 14:34:04:[96m WS[0m 3 order(s) created for XBTUSD 
Jun-04 14:35:55:[96m WS[0m [33mExec [33m- [33mBuy [33m8 [33mContracts [33mXBTUSD [33m@ [33m7882.5-> [0m
Jun-04 14:49:25:[96m WS[0m [33mExec [33m- [33mBuy [33m16 [33mContracts [33mXBTUSD [33m@ [33m7872-> [0m
Jun-04 14:52:32:[96m WS[0m 1 order(s) created for XBTUSD 
Jun-04 14:52:32:[96m WS[0m 1 order(s) moved for XBTUSD 
Jun-04 14:52:32:[96m WS[0m [33mExec [33m- [33mBuy [33m1332 [33mContracts [33mXBTUSD [33m@ [33m8135-> [0m
Jun-04 15:06:11:[96m WS[0m 1 order(s) created for XBTUSD 
Jun-04 15:06:11:[96m WS[0m [33mExec [33m- [33mSell [33m4074 [33mContracts [33mXBTUSD [33m@ [33m7916.5-> [0m
Jun-04 15:06:11:[96m WS[0m 1 order(s) canceled for XBTUSD
Jun-04 15:06:27:[96m WS[0m 22 order(s) moved for XBTUSD 
Jun-04 15:06:39:[96m WS[0m 1 order(s) created for XBTUSD 
Jun-04 15:06:39:[96m WS[0m [33mStop [33mEntry [33mplaced [33mfor [33m2738 [33mBuy [33mXBTUSD [33m@ [33m8772.5 [0m
Jun-04 15:06:40:[96m WS[0m 1 order(s) moved for XBTUSD 
Jun-04 15:06:40:[96m WS[0m Stop Entry moved for XBTUSD @ 7975 and 2738 contracts 
Jun-04 15:21:24:[96m WS[0m [33mExec [33m- [33mBuy [33m32 [33mContracts [33mXBTUSD [33m@ [33m7907-> [0m
Jun-04 15:23:25:[96m WS[0m [33mExec [33m- [33mBuy [33m64 [33mContracts [33mXBTUSD [33m@ [33m7897.5-> [0m
Jun-04 15:25:20:[96m WS[0m [33mExec [33m- [33mBuy [33m96 [33mContracts [33mXBTUSD [33m@ [33m7888-> [0m
Jun-04 15:28:12:[96m WS[0m [33mExec [33m- [33mBuy [33m128 [33mContracts [33mXBTUSD [33m@ [33m7878.5-> [0m
Jun-04 15:28:27:[96m WS[0m 1 order(s) created for XBTUSD 
Jun-04 15:28:28:[96m WS[0m 1 order(s) moved for XBTUSD 
Jun-04 15:28:28:[96m WS[0m [33mExec [33m- [33mBuy [33m1859 [33mContracts [33mXBTUSD [33m@ [33m8107.5-> [0m
Jun-04 15:28:32:[96m WS[0m [33mExec [33m- [33mBuy [33m160 [33mContracts [33mXBTUSD [33m@ [33m7869.5-> [0m
Jun-04 15:28:36:[96m WS[0m [33mExec [33m- [33mBuy [33m192 [33mContracts [33mXBTUSD [33m@ [33m7860-> [0m
Jun-04 15:30:16:[96m WS[0m [33mExec [33m- [33mBuy [33m224 [33mContracts [33mXBTUSD [33m@ [33m7850.5-> [0m
Jun-04 15:49:52:[96m WS[0m 1 order(s) created for XBTUSD 
Jun-04 15:49:52:[96m WS[0m [33mExec [33m- [33mSell [33m2755 [33mContracts [33mXBTUSD [33m@ [33m7918.5-> [0m
Jun-04 15:49:52:[96m WS[0m 1 order(s) canceled for XBTUSD
Jun-04 15:50:10:[96m WS[0m 15 order(s) moved for XBTUSD 
Jun-04 15:50:10:[96m WS[0m 10 order(s) created for XBTUSD 
Jun-04 15:52:37:[96m WS[0m 1 order(s) created for XBTUSD 
Jun-04 15:52:39:[96m WS[0m 1 order(s) moved for XBTUSD 
Jun-04 15:52:39:[96m WS[0m [33mExec [33m- [33mBuy [33m1383 [33mContracts [33mXBTUSD [33m@ [33m8166-> [0m
Jun-04 15:52:45:[96m WS[0m 1 order(s) created for XBTUSD 
Jun-04 15:52:46:[96m WS[0m 1 order(s) moved for XBTUSD 
Jun-04 15:52:46:[96m WS[0m [33mExec [33m- [33mBuy [33m1383 [33mContracts [33mXBTUSD [33m@ [33m8172.5-> [0m
Jun-04 16:10:39:[96m WS[0m 1 order(s) created for XBTUSD 
Jun-04 16:10:39:[96m WS[0m [33mStop [33mENTRY [33mTriggered [33mfor [33mXBTUSD [33m@ [33m7975 [0m
Jun-04 16:10:39:[96m WS[0m [33mExec [33m- [33mBuy [33m2738 [33mContracts [33mXBTUSD [33m@ [33m7982-> [0m
Jun-04 16:10:57:[96m WS[0m- XBTUSD TP New Limit Order : 5504 Contracts @ 8215 
Jun-04 16:10:58:[96m WS[0m 1 order(s) canceled for XBTUSD
Jun-04 16:40:17:[96m WS[0m 1 order(s) created for XBTUSD 
Jun-04 16:40:17:[96m WS[0m [33mExec [33m- [33mSell [33m5504 [33mContracts [33mXBTUSD [33m@ [33m7996-> [0m
Jun-04 16:40:17:[96m WS[0m 1 order(s) canceled for XBTUSD
Jun-04 16:40:36:[96m WS[0m 25 order(s) moved for XBTUSD 
Jun-04 16:40:52:[96m WS[0m 1 order(s) created for XBTUSD 
Jun-04 16:40:52:[96m WS[0m [33mStop [33mEntry [33mplaced [33mfor [33m3542 [33mBuy [33mXBTUSD [33m@ [33m8823 [0m
Jun-04 16:40:53:[96m WS[0m 1 order(s) moved for XBTUSD 
Jun-04 16:40:53:[96m WS[0m Stop Entry moved for XBTUSD @ 8021 and 3542 contracts 
Jun-04 16:40:53:[96m WS[0m 1 order(s) created for XBTUSD 
Jun-04 16:40:53:[96m WS[0m [33mStop [33mEntry [33mplaced [33mfor [33m3542 [33mBuy [33mXBTUSD [33m@ [33m8823 [0m
Jun-04 16:40:53:[96m WS[0m 1 order(s) moved for XBTUSD 
Jun-04 16:40:53:[96m WS[0m Stop Entry moved for XBTUSD @ 8021 and 3542 contracts 
Jun-04 16:41:55:[96m WS[0m [33mExec [33m- [33mBuy [33m338 [33mContracts [33mXBTUSD [33m@ [33m7991.5-> [0m
Jun-04 16:42:12:[96m WS[0m [33mExec [33m- [33mBuy [33m338 [33mContracts [33mXBTUSD [33m@ [33m7986.5-> [0m
Jun-04 16:42:15:[96m WS[0m [33mExec [33m- [33mBuy [33m338 [33mContracts [33mXBTUSD [33m@ [33m7981.5-> [0m
Jun-04 16:42:21:[96m WS[0m [33mExec [33m- [33mBuy [33m338 [33mContracts [33mXBTUSD [33m@ [33m7977-> [0m
Jun-04 16:42:26:[96m WS[0m [33mExec [33m- [33mBuy [33m338 [33mContracts [33mXBTUSD [33m@ [33m7972-> [0m
Jun-04 16:43:07:[96m WS[0m [33mExec [33m- [33mBuy [33m338 [33mContracts [33mXBTUSD [33m@ [33m7967.5-> [0m
Jun-04 16:48:15:[96m WS[0m [33mExec [33m- [33mBuy [33m338 [33mContracts [33mXBTUSD [33m@ [33m7962.5-> [0m
Jun-04 17:26:57:[96m WS[0m [33mExec [33m- [33mBuy [33m338 [33mContracts [33mXBTUSD [33m@ [33m7958-> [0m
Jun-04 17:46:40:[96m WS[0m 1 order(s) created for XBTUSD 
Jun-04 17:46:40:[96m WS[0m [33mExec [33m- [33mSell [33m2704 [33mContracts [33mXBTUSD [33m@ [33m7973-> [0m
Jun-04 17:55:42:[96m WS[0m [33mExec [33m- [33mBuy [33m338 [33mContracts [33mXBTUSD [33m@ [33m7953-> [0m
Jun-04 17:57:34:[96m WS[0m 1 order(s) moved for XBTUSD 
Jun-04 17:57:34:[96m WS[0m [33mExec [33m- [33mBuy [33m2472 [33mContracts [33mXBTUSD [33m@ [33m8190-> [0m
Jun-04 17:58:26:[96m WS[0m [33mExec [33m- [33mBuy [33m338 [33mContracts [33mXBTUSD [33m@ [33m7948.5-> [0m
Jun-04 18:07:21:[96m WS[0m [33mExec [33m- [33mBuy [33m338 [33mContracts [33mXBTUSD [33m@ [33m7943.5-> [0m
Jun-04 18:08:20:[96m WS[0m [33mExec [33m- [33mBuy [33m338 [33mContracts [33mXBTUSD [33m@ [33m7939-> [0m
Jun-04 18:24:04:[96m WS[0m 1 order(s) created for XBTUSD 
Jun-04 18:24:04:[96m WS[0m [33mExec [33m- [33mSell [33m3824 [33mContracts [33mXBTUSD [33m@ [33m7970-> [0m
Jun-04 18:24:04:[96m WS[0m 1 order(s) canceled for XBTUSD
Jun-04 18:24:04:[96m WS[0m 1 order(s) moved for XBTUSD 
Jun-04 18:24:04:[96m WS[0m Stop Loss moved for XBTUSD @ 0
Jun-04 18:24:05:[96m WS[0m 15 order(s) canceled for XBTUSD
Jun-04 18:24:29:[96m WS[0m 25 order(s) created for XBTUSD 
Jun-04 18:26:09:[96m WS[0m 1 order(s) created for XBTUSD 
Jun-04 18:26:09:[96m WS[0m [33mStop [33mEntry [33mplaced [33mfor [33m4248 [33mBuy [33mXBTUSD [33m@ [33m8823 [0m
Jun-04 18:26:09:[96m WS[0m 1 order(s) moved for XBTUSD 
Jun-04 18:26:09:[96m WS[0m Stop Entry moved for XBTUSD @ 8021 and 4248 contracts 
Jun-04 18:26:09:[96m WS[0m 1 order(s) created for XBTUSD 
Jun-04 18:26:09:[96m WS[0m [33mStop [33mEntry [33mplaced [33mfor [33m4248 [33mBuy [33mXBTUSD [33m@ [33m8823 [0m
Jun-04 18:26:09:[96m WS[0m 1 order(s) moved for XBTUSD 
Jun-04 18:26:09:[96m WS[0m Stop Entry moved for XBTUSD @ 8021 and 4248 contracts 
Jun-04 18:26:10:[96m WS[0m 1 order(s) created for XBTUSD 
Jun-04 18:26:10:[96m WS[0m [33mStop [33mEntry [33mplaced [33mfor [33m4248 [33mBuy [33mXBTUSD [33m@ [33m8823 [0m
Jun-04 18:26:10:[96m WS[0m 1 order(s) moved for XBTUSD 
Jun-04 18:26:10:[96m WS[0m Stop Entry moved for XBTUSD @ 8021 and 4248 contracts 
Jun-04 18:26:12:[96m WS[0m 1 order(s) created for XBTUSD 
Jun-04 18:26:12:[96m WS[0m [33mStop [33mEntry [33mplaced [33mfor [33m4248 [33mBuy [33mXBTUSD [33m@ [33m8823 [0m
Jun-04 18:26:12:[96m WS[0m 1 order(s) moved for XBTUSD 
Jun-04 18:26:12:[96m WS[0m Stop Entry moved for XBTUSD @ 8021 and 4248 contracts 
Jun-04 18:26:13:[96m WS[0m 2 order(s) canceled for XBTUSD
Jun-04 18:26:13:[96m WS[0m 1 order(s) moved for XBTUSD 
Jun-04 18:26:13:[96m WS[0m Stop Entry moved for XBTUSD @ 8021 and 4248 contracts 
Jun-04 18:26:14:[96m WS[0m 1 order(s) canceled for XBTUSD
Jun-04 18:26:15:[96m WS[0m 1 order(s) moved for XBTUSD 
Jun-04 18:26:15:[96m WS[0m Stop Entry moved for XBTUSD @ 8021 and 4248 contracts 
Jun-04 18:30:56:[96m WS[0m 25 order(s) moved for XBTUSD 
Jun-04 18:34:07:[96m WS[0m 6 order(s) created for XBTU19 
Jun-04 18:34:07:[96m WS[0m 1 order(s) moved for XBTU19 
Jun-04 18:34:07:[96m WS[0m [33mExec [33m- [33mSell [33m4248 [33mContracts [33mXBTU19 [33m@ [33m7744.5-> [0m
Jun-04 18:42:40:[96m WS[0m 25 order(s) moved for XBTUSD 
Jun-04 18:58:50:[96m WS[0m 1 order(s) created for XBTU19 
Jun-04 18:58:50:[96m WS[0m [33mExec [33m- [33mBuy [33m4248 [33mContracts [33mXBTU19 [33m@ [33m7909.5-> [0m
Jun-04 18:58:52:[96m WS[0m 1 order(s) canceled for XBTU19
Jun-04 18:58:56:[96m WS[0m 1 order(s) created for XBTUSD 
Jun-04 18:58:56:[96m WS[0m 1 order(s) moved for XBTUSD 
Jun-04 18:58:56:[96m WS[0m [33mExec [33m- [33mBuy [33m2151 [33mContracts [33mXBTUSD [33m@ [33m8154-> [0m
Jun-04 19:34:40:[96m WS[0m 1 order(s) created for XBTUSD 
Jun-04 19:34:40:[96m WS[0m [33mExec [33m- [33mSell [33m2151 [33mContracts [33mXBTUSD [33m@ [33m7935.5-> [0m
Jun-04 19:34:41:[96m WS[0m 1 order(s) canceled for XBTUSD
Jun-04 19:34:57:[96m WS[0m 1 order(s) moved for XBTU19 
Jun-04 19:34:57:[96m WS[0m [33mExec [33m- [33mSell [33m3600 [33mContracts [33mXBTU19 [33m@ [33m7700-> [0m
Jun-04 19:41:16:[96m WS[0m 1 order(s) created for XBTUSD 
Jun-04 19:41:16:[96m WS[0m 1 order(s) moved for XBTUSD 
Jun-04 19:41:17:[96m WS[0m [33mExec [33m- [33mBuy [33m1433 [33mContracts [33mXBTUSD [33m@ [33m8152.5-> [0m
Jun-04 19:58:14:[96m WS[0m 1 order(s) created for XBTUSD 
Jun-04 19:58:15:[96m WS[0m 1 order(s) moved for XBTUSD 
Jun-04 19:58:15:[96m WS[0m [33mExec [33m- [33mBuy [33m2857 [33mContracts [33mXBTUSD [33m@ [33m8138-> [0m
Jun-04 19:58:20:[96m WS[0m 1 order(s) created for XBTU19 
Jun-04 19:58:20:[96m WS[0m [33mExec [33m- [33mBuy [33m3600 [33mContracts [33mXBTU19 [33m@ [33m7904.5-> [0m
Jun-04 19:58:20:[96m WS[0m 1 order(s) canceled for XBTU19
Jun-04 20:07:03:[96m WS[0m 1 order(s) moved for XBTU19 
Jun-04 20:07:03:[96m WS[0m [33mExec [33m- [33mSell [33m1441 [33mContracts [33mXBTU19 [33m@ [33m7676.5-> [0m
Jun-04 20:14:51:[96m WS[0m 1 order(s) created for XBTU19 
Jun-04 20:14:51:[96m WS[0m [33mExec [33m- [33mBuy [33m1441 [33mContracts [33mXBTU19 [33m@ [33m7811.5-> [0m
Jun-04 20:14:55:[96m WS[0m 1 order(s) canceled for XBTU19
Jun-04 20:16:31:[96m WS[0m 1 order(s) moved for ETHUSD 
Jun-04 20:16:31:[96m WS[0m [33mExec [33m- [33mBuy [33m718 [33mContracts [33mETHUSD [33m@ [33m253.35-> [0m
Jun-04 20:23:51:[96m WS[0m 32 order(s) canceled for XBTUSD
Jun-04 20:24:30:[96m WS[0m 7 order(s) created for XBTM19 
Jun-04 20:24:31:[96m WS[0m 1 order(s) moved for XBTM19 
Jun-04 20:24:31:[96m WS[0m [33mExec [33m- [33mBuy [33m2866 [33mContracts [33mXBTM19 [33m@ [33m8022.5-> [0m
Jun-04 20:40:06:[96m WS[0m 7 order(s) canceled for XBTM19
Jun-04 20:41:56:[96m WS[0m 25 order(s) created for XBTM19 
Jun-04 20:42:04:[96m WS[0m [33mExec [33m- [33mBuy [33m16 [33mContracts [33mXBTM19 [33m@ [33m7657.5-> [0m
Jun-04 20:42:04:[96m WS[0m [33mExec [33m- [33mBuy [33m32 [33mContracts [33mXBTM19 [33m@ [33m7641.5-> [0m
Jun-04 20:42:04:[96m WS[0m [33mExec [33m- [33mBuy [33m48 [33mContracts [33mXBTM19 [33m@ [33m7625.5-> [0m
Jun-04 20:42:20:[96m WS[0m 1 order(s) moved for ETHUSD 
Jun-04 20:42:20:[96m WS[0m Stop Loss moved for ETHUSD @ 111
Jun-04 20:42:22:[96m WS[0m 1 order(s) moved for ETHUSD 
Jun-04 20:42:22:[96m WS[0m Stop Loss moved for ETHUSD @ 111
Jun-04 20:42:34:[96m WS[0m 7 order(s) created for XBTM19 
Jun-04 20:42:41:[96m WS[0m 1 order(s) moved for XBTM19 
Jun-04 20:42:41:[96m WS[0m [33mExec [33m- [33mBuy [33m1280 [33mContracts [33mXBTM19 [33m@ [33m7926.5-> [0m
Jun-04 20:43:01:[96m WS[0m [33mExec [33m- [33mBuy [33m64 [33mContracts [33mXBTM19 [33m@ [33m7609.5-> [0m
Jun-04 20:43:04:[96m WS[0m [33mExec [33m- [33mBuy [33m80 [33mContracts [33mXBTM19 [33m@ [33m7593.5-> [0m
Jun-04 20:43:04:[96m WS[0m [33mExec [33m- [33mBuy [33m96 [33mContracts [33mXBTM19 [33m@ [33m7577.5-> [0m
Jun-04 20:45:13:[96m WS[0m [33mExec [33m- [33mBuy [33m92 [33mContracts [33mXBTM19 [33m@ [33m7561.5-> [0m
Jun-04 20:45:13:[96m WS[0m [33mExec [33m- [33mBuy [33m20 [33mContracts [33mXBTM19 [33m@ [33m7561.5-> [0m
Jun-04 20:46:34:[96m WS[0m- ETHUSD TP New Limit Order : 718 Contracts @ 255 
Jun-04 20:46:36:[96m WS[0m 1 order(s) canceled for ETHUSD
Jun-04 20:53:31:[96m WS[0m 25 order(s) created for ETHUSD 
Jun-04 20:55:46:[96m WS[0m 18 order(s) moved for XBTM19 
Jun-04 20:55:46:[96m WS[0m 7 order(s) created for XBTM19 
Jun-04 20:56:17:[96m WS[0m [33mExec [33m- [33mBuy [33m12 [33mContracts [33mXBTM19 [33m@ [33m7617.5-> [0m
Jun-04 20:59:52:[96m WS[0m [33mExec [33m- [33mBuy [33m24 [33mContracts [33mXBTM19 [33m@ [33m7604.5-> [0m
Jun-04 20:59:58:[96m WS[0m [33mExec [33m- [33mBuy [33m36 [33mContracts [33mXBTM19 [33m@ [33m7591.5-> [0m
Jun-04 21:02:20:[96m WS[0m- XBTM19 TP New Limit Order : 1800 Contracts @ 8100 
Jun-04 21:02:20:[96m WS[0m 1 order(s) canceled for XBTM19
Jun-04 21:34:15:[96m WS[0m 1 order(s) created for XBTM19 
Jun-04 21:34:15:[96m WS[0m [33mExec [33m- [33mSell [33m1800 [33mContracts [33mXBTM19 [33m@ [33m7682-> [0m
Jun-04 21:34:32:[96m WS[0m 22 order(s) moved for XBTM19 
Jun-04 21:34:32:[96m WS[0m 3 order(s) created for XBTM19 
Jun-04 21:49:12:[96m WS[0m [33mExec [33m- [33mBuy [33m25 [33mContracts [33mXBTM19 [33m@ [33m7670-> [0m
Jun-04 21:49:18:[96m WS[0m [33mExec [33m- [33mBuy [33m50 [33mContracts [33mXBTM19 [33m@ [33m7657.5-> [0m
Jun-04 21:49:18:[96m WS[0m [33mExec [33m- [33mBuy [33m75 [33mContracts [33mXBTM19 [33m@ [33m7645.5-> [0m
Jun-04 22:07:31:[96m WS[0m [33mExec [33m- [33mBuy [33m100 [33mContracts [33mXBTM19 [33m@ [33m7633-> [0m
Jun-04 22:07:31:[96m WS[0m [33mExec [33m- [33mBuy [33m125 [33mContracts [33mXBTM19 [33m@ [33m7621-> [0m
Jun-04 22:08:19:[96m WS[0m [33mExec [33m- [33mBuy [33m150 [33mContracts [33mXBTM19 [33m@ [33m7609-> [0m
Jun-04 22:08:30:[96m WS[0m [33mExec [33m- [33mBuy [33m8 [33mContracts [33mETHUSD [33m@ [33m239.7-> [0m
Jun-04 22:09:16:[96m WS[0m [33mExec [33m- [33mBuy [33m16 [33mContracts [33mETHUSD [33m@ [33m239.1-> [0m
Jun-04 22:09:17:[96m WS[0m [33mExec [33m- [33mBuy [33m175 [33mContracts [33mXBTM19 [33m@ [33m7596.5-> [0m
Jun-04 22:09:23:[96m WS[0m [33mExec [33m- [33mBuy [33m200 [33mContracts [33mXBTM19 [33m@ [33m7584.5-> [0m
Jun-04 22:09:27:[96m WS[0m [33mExec [33m- [33mBuy [33m24 [33mContracts [33mETHUSD [33m@ [33m238.5-> [0m
Jun-04 22:09:30:[96m WS[0m [33mExec [33m- [33mBuy [33m32 [33mContracts [33mETHUSD [33m@ [33m237.9-> [0m
Jun-04 22:09:31:[96m WS[0m [33mExec [33m- [33mBuy [33m40 [33mContracts [33mETHUSD [33m@ [33m237.3-> [0m
Jun-04 22:09:31:[96m WS[0m [33mExec [33m- [33mBuy [33m48 [33mContracts [33mETHUSD [33m@ [33m236.75-> [0m
Jun-04 22:09:31:[96m WS[0m [33mExec [33m- [33mBuy [33m56 [33mContracts [33mETHUSD [33m@ [33m236.15-> [0m
Jun-04 22:09:35:[96m WS[0m [33mExec [33m- [33mBuy [33m64 [33mContracts [33mETHUSD [33m@ [33m235.55-> [0m
Jun-04 22:09:35:[96m WS[0m [33mExec [33m- [33mBuy [33m80 [33mContracts [33mETHUSD [33m@ [33m234.35-> [0m
Jun-04 22:09:35:[96m WS[0m [33mExec [33m- [33mBuy [33m72 [33mContracts [33mETHUSD [33m@ [33m234.95-> [0m
Jun-04 22:09:36:[96m WS[0m [33mExec [33m- [33mBuy [33m88 [33mContracts [33mETHUSD [33m@ [33m233.8-> [0m
Jun-04 22:10:56:[96m WS[0m [33mExec [33m- [33mBuy [33m225 [33mContracts [33mXBTM19 [33m@ [33m7572.5-> [0m
Jun-04 22:10:56:[96m WS[0m [33mExec [33m- [33mBuy [33m250 [33mContracts [33mXBTM19 [33m@ [33m7560.5-> [0m
Jun-04 22:10:56:[96m WS[0m [33mExec [33m- [33mBuy [33m275 [33mContracts [33mXBTM19 [33m@ [33m7548-> [0m
Jun-04 22:10:56:[96m WS[0m [33mExec [33m- [33mBuy [33m300 [33mContracts [33mXBTM19 [33m@ [33m7536-> [0m
Jun-04 22:11:08:[96m WS[0m [33mExec [33m- [33mBuy [33m96 [33mContracts [33mETHUSD [33m@ [33m233.2-> [0m
Jun-04 22:11:11:[96m WS[0m [33mExec [33m- [33mBuy [33m325 [33mContracts [33mXBTM19 [33m@ [33m7524-> [0m
Jun-04 22:11:15:[96m WS[0m [33mExec [33m- [33mBuy [33m104 [33mContracts [33mETHUSD [33m@ [33m232.65-> [0m
Jun-04 22:11:18:[96m WS[0m [33mExec [33m- [33mBuy [33m350 [33mContracts [33mXBTM19 [33m@ [33m7512-> [0m
Jun-04 22:11:18:[96m WS[0m [33mExec [33m- [33mBuy [33m375 [33mContracts [33mXBTM19 [33m@ [33m7500-> [0m
Jun-04 22:45:52:[96m WS[0m 1 order(s) created for XBTM19 
Jun-04 22:45:52:[96m WS[0m [33mExec [33m- [33mSell [33m3000 [33mContracts [33mXBTM19 [33m@ [33m7647.5-> [0m
Jun-04 22:45:53:[96m WS[0m 1 order(s) canceled for XBTM19
Jun-04 22:46:06:[96m WS[0m 10 order(s) moved for XBTM19 
Jun-04 22:46:06:[96m WS[0m 15 order(s) created for XBTM19 
Jun-04 22:48:39:[96m WS[0m [33mExec [33m- [33mBuy [33m7 [33mContracts [33mXBTM19 [33m@ [33m7633.5-> [0m
Jun-04 22:49:06:[96m WS[0m [33mExec [33m- [33mBuy [33m10 [33mContracts [33mXBTM19 [33m@ [33m7633.5-> [0m
Jun-04 22:49:49:[96m WS[0m [33mExec [33m- [33mBuy [33m34 [33mContracts [33mXBTM19 [33m@ [33m7619.5-> [0m
Jun-04 22:58:56:[96m WS[0m [33mExec [33m- [33mBuy [33m51 [33mContracts [33mXBTM19 [33m@ [33m7606-> [0m
Jun-04 23:03:03:[96m WS[0m [33mExec [33m- [33mBuy [33m48 [33mContracts [33mXBTM19 [33m@ [33m7592.5-> [0m
Jun-04 23:03:03:[96m WS[0m [33mExec [33m- [33mBuy [33m20 [33mContracts [33mXBTM19 [33m@ [33m7592.5-> [0m
Jun-04 23:03:41:[96m WS[0m [33mExec [33m- [33mBuy [33m85 [33mContracts [33mXBTM19 [33m@ [33m7578.5-> [0m
Jun-04 23:22:10:[96m WS[0m 20 order(s) moved for XBTM19 
Jun-04 23:22:11:[96m WS[0m 5 order(s) created for XBTM19 
Jun-04 23:23:01:[96m WS[0m- XBTUSD TP New Limit Order : 4290 Contracts @ 8210 
Jun-04 23:23:02:[96m WS[0m 1 order(s) canceled for XBTUSD
Jun-04 23:23:20:[96m WS[0m [33mExec [33m- [33mBuy [33m17 [33mContracts [33mXBTM19 [33m@ [33m7649-> [0m
Jun-04 23:23:37:[96m WS[0m- XBTUSD TP Moved Limit Order : 4290 Contracts @ 8199 
Jun-04 23:23:54:[96m WS[0m 5 order(s) created for XBTUSD 
Jun-04 23:32:17:[96m WS[0m [33mExec [33m- [33mBuy [33m34 [33mContracts [33mXBTM19 [33m@ [33m7634.5-> [0m
Jun-04 23:33:05:[96m WS[0m [33mExec [33m- [33mBuy [33m51 [33mContracts [33mXBTM19 [33m@ [33m7620-> [0m
Jun-04 23:45:09:[96m WS[0m 1 order(s) created for XBTM19 
Jun-04 23:45:09:[96m WS[0m 1 order(s) moved for XBTM19 
Jun-04 23:45:09:[96m WS[0m [33mExec [33m- [33mBuy [33m1771 [33mContracts [33mXBTM19 [33m@ [33m7890-> [0m
Jun-05 00:07:09:[96m WS[0m 1 order(s) canceled for ETHUSD
Jun-05 00:07:09:[96m WS[0m 1 order(s) created for ETHUSD 
Jun-05 00:07:09:[96m WS[0m [33mExec [33m- [33mSell [33m1446 [33mContracts [33mETHUSD [33m@ [33m239.85-> [0m
Jun-05 00:07:09:[96m WS[0m 1 order(s) canceled for ETHUSD
Jun-05 00:07:36:[96m WS[0m 12 order(s) moved for ETHUSD 
Jun-05 00:07:36:[96m WS[0m 13 order(s) created for ETHUSD 
Jun-05 00:16:19:[96m WS[0m [33mExec [33m- [33mBuy [33m8 [33mContracts [33mETHUSD [33m@ [33m239.2-> [0m
Jun-05 00:18:21:[96m WS[0m [33mExec [33m- [33mBuy [33m16 [33mContracts [33mETHUSD [33m@ [33m238.75-> [0m
Jun-05 00:18:46:[96m WS[0m [33mExec [33m- [33mBuy [33m24 [33mContracts [33mETHUSD [33m@ [33m238.3-> [0m
Jun-05 00:18:46:[96m WS[0m [33mExec [33m- [33mBuy [33m32 [33mContracts [33mETHUSD [33m@ [33m237.85-> [0m
Jun-05 00:19:31:[96m WS[0m [33mExec [33m- [33mBuy [33m40 [33mContracts [33mETHUSD [33m@ [33m237.4-> [0m
Jun-05 00:20:35:[96m WS[0m [33mExec [33m- [33mBuy [33m68 [33mContracts [33mXBTM19 [33m@ [33m7605.5-> [0m
Jun-05 00:32:20:[96m WS[0m [33mExec [33m- [33mBuy [33m48 [33mContracts [33mETHUSD [33m@ [33m236.95-> [0m
Jun-05 00:32:48:[96m WS[0m [33mExec [33m- [33mBuy [33m56 [33mContracts [33mETHUSD [33m@ [33m236.5-> [0m
Jun-05 00:33:01:[96m WS[0m [33mExec [33m- [33mBuy [33m85 [33mContracts [33mXBTM19 [33m@ [33m7591-> [0m
Jun-05 00:35:37:[96m WS[0m [33mExec [33m- [33mBuy [33m64 [33mContracts [33mETHUSD [33m@ [33m236.05-> [0m
Jun-05 00:36:07:[96m WS[0m [33mExec [33m- [33mBuy [33m72 [33mContracts [33mETHUSD [33m@ [33m235.6-> [0m
Jun-05 00:36:12:[96m WS[0m [33mExec [33m- [33mBuy [33m102 [33mContracts [33mXBTM19 [33m@ [33m7576.5-> [0m
Jun-05 00:36:30:[96m WS[0m [33mExec [33m- [33mBuy [33m119 [33mContracts [33mXBTM19 [33m@ [33m7562.5-> [0m
Jun-05 00:55:24:[96m WS[0m [33mExec [33m- [33mBuy [33m136 [33mContracts [33mXBTM19 [33m@ [33m7548-> [0m
Jun-05 00:55:27:[96m WS[0m [33mExec [33m- [33mBuy [33m153 [33mContracts [33mXBTM19 [33m@ [33m7533.5-> [0m
Jun-05 00:55:36:[96m WS[0m [33mExec [33m- [33mBuy [33m170 [33mContracts [33mXBTM19 [33m@ [33m7519.5-> [0m
Jun-05 00:55:36:[96m WS[0m [33mExec [33m- [33mBuy [33m187 [33mContracts [33mXBTM19 [33m@ [33m7505-> [0m
Jun-05 00:55:46:[96m WS[0m [33mExec [33m- [33mBuy [33m80 [33mContracts [33mETHUSD [33m@ [33m235.15-> [0m
Jun-05 00:55:47:[96m WS[0m [33mExec [33m- [33mBuy [33m204 [33mContracts [33mXBTM19 [33m@ [33m7491-> [0m
Jun-05 00:55:56:[96m WS[0m [33mExec [33m- [33mBuy [33m221 [33mContracts [33mXBTM19 [33m@ [33m7476.5-> [0m
Jun-05 00:55:58:[96m WS[0m [33mExec [33m- [33mBuy [33m88 [33mContracts [33mETHUSD [33m@ [33m234.7-> [0m
Jun-05 00:56:21:[96m WS[0m 1 order(s) moved for ETHUSD 
Jun-05 00:56:21:[96m WS[0m [33mExec [33m- [33mBuy [33m848 [33mContracts [33mETHUSD [33m@ [33m241.7-> [0m
Jun-05 00:56:21:[96m WS[0m [33mExec [33m- [33mBuy [33m272 [33mContracts [33mXBTM19 [33m@ [33m7434-> [0m
Jun-05 00:56:21:[96m WS[0m [33mExec [33m- [33mBuy [33m238 [33mContracts [33mXBTM19 [33m@ [33m7462.5-> [0m
Jun-05 00:56:21:[96m WS[0m [33mExec [33m- [33mBuy [33m255 [33mContracts [33mXBTM19 [33m@ [33m7448.5-> [0m
Jun-05 01:00:12:[96m WS[0m [33mExec [33m- [33mBuy [33m96 [33mContracts [33mETHUSD [33m@ [33m234.25-> [0m
Jun-05 01:00:24:[96m WS[0m [33mExec [33m- [33mBuy [33m104 [33mContracts [33mETHUSD [33m@ [33m233.8-> [0m
Jun-05 01:23:16:[96m WS[0m 1 order(s) created for ETHUSD 
Jun-05 01:23:16:[96m WS[0m [33mExec [33m- [33mSell [33m1576 [33mContracts [33mETHUSD [33m@ [33m238.45-> [0m
Jun-05 01:23:16:[96m WS[0m 1 order(s) canceled for ETHUSD
Jun-05 01:23:24:[96m WS[0m 1 order(s) created for XBTM19 
Jun-05 01:23:25:[96m WS[0m [33mExec [33m- [33mSell [33m4338 [33mContracts [33mXBTM19 [33m@ [33m7623.5-> [0m
Jun-05 01:23:25:[96m WS[0m 1 order(s) canceled for XBTM19
Jun-05 01:23:54:[96m WS[0m 12 order(s) moved for ETHUSD 
Jun-05 01:23:56:[96m WS[0m 13 order(s) created for ETHUSD 
Jun-05 01:24:20:[96m WS[0m [33mExec [33m- [33mBuy [33m9 [33mContracts [33mETHUSD [33m@ [33m238.65-> [0m
Jun-05 01:24:22:[96m WS[0m 9 order(s) moved for XBTM19 
Jun-05 01:24:25:[96m WS[0m 16 order(s) created for XBTM19 
Jun-05 01:25:36:[96m WS[0m 24 order(s) moved for ETHUSD 
Jun-05 01:25:36:[96m WS[0m 1 order(s) created for ETHUSD 
Jun-05 01:36:17:[96m WS[0m [33mExec [33m- [33mBuy [33m11 [33mContracts [33mETHUSD [33m@ [33m238.1-> [0m
Jun-05 01:37:05:[96m WS[0m [33mExec [33m- [33mBuy [33m22 [33mContracts [33mXBTM19 [33m@ [33m7606-> [0m
Jun-05 01:38:10:[96m WS[0m [33mExec [33m- [33mBuy [33m22 [33mContracts [33mETHUSD [33m@ [33m237.55-> [0m
Jun-05 02:50:02:[96m WS[0m 1 order(s) moved for ETHUSD 
Jun-05 02:50:02:[96m WS[0m [33mExec [33m- [33mBuy [33m691 [33mContracts [33mETHUSD [33m@ [33m246.8-> [0m
Jun-05 02:50:06:[96m WS[0m 1 order(s) created for XBTM19 
Jun-05 02:50:06:[96m WS[0m 1 order(s) moved for XBTM19 
Jun-05 02:50:06:[96m WS[0m [33mExec [33m- [33mBuy [33m1446 [33mContracts [33mXBTM19 [33m@ [33m7881.5-> [0m
Jun-05 03:12:10:[96m WS[0m 1 order(s) created for ETHUSD 
Jun-05 03:12:10:[96m WS[0m [33mExec [33m- [33mSell [33m733 [33mContracts [33mETHUSD [33m@ [33m242.1-> [0m
Jun-05 03:12:10:[96m WS[0m 1 order(s) canceled for ETHUSD
Jun-05 03:12:12:[96m WS[0m 1 order(s) created for XBTM19 
Jun-05 03:12:12:[96m WS[0m [33mExec [33m- [33mSell [33m1468 [33mContracts [33mXBTM19 [33m@ [33m7766.5-> [0m
Jun-05 03:12:13:[96m WS[0m 1 order(s) canceled for XBTM19
Jun-05 03:12:31:[96m WS[0m 24 order(s) moved for XBTM19 
Jun-05 03:12:32:[96m WS[0m 1 order(s) created for XBTM19 
Jun-05 03:13:17:[96m WS[0m 23 order(s) moved for ETHUSD 
Jun-05 03:13:17:[96m WS[0m 2 order(s) created for ETHUSD 
Jun-05 03:24:17:[96m WS[0m [33mExec [33m- [33mBuy [33m7 [33mContracts [33mETHUSD [33m@ [33m241.25-> [0m
Jun-05 03:53:59:[96m WS[0m [33mExec [33m- [33mBuy [33m14 [33mContracts [33mETHUSD [33m@ [33m240.6-> [0m
Jun-05 04:39:38:[96m WS[0m [33mExec [33m- [33mBuy [33m14 [33mContracts [33mXBTM19 [33m@ [33m7741-> [0m
Jun-05 04:48:59:[96m WS[0m [33mExec [33m- [33mBuy [33m21 [33mContracts [33mETHUSD [33m@ [33m239.95-> [0m
Jun-05 05:28:56:[96m WS.Err[0m.6 [91mExit [91mCase [91m- [91mConnection [91mis [91malready [91mclosed. [0m
Jun-05 05:28:56:[96m WS[0m Connecting... V.1.3b 
Jun-05 05:29:05:[96m WS[0m Subscribed to 41 strings in total 
Jun-05 05:32:21:[96m WS.Err[0m.6 [91mExit [91mCase [91m- [91mConnection [91mis [91malready [91mclosed. [0m
Jun-05 05:32:22:[96m WS[0m Connecting... V.1.3b 
Jun-05 05:32:29:[96m WS[0m Subscribed to 41 strings in total 
Jun-05 09:26:29:[96m WS[0m [33mExec [33m- [33mBuy [33m28 [33mContracts [33mXBTM19 [33m@ [33m7714-> [0m
Jun-05 09:43:23:[96m WS.Err[0m.6 [91mExit [91mCase [91m- [91mConnection [91mis [91malready [91mclosed. [0m
Jun-05 09:43:23:[96m WS[0m Connecting... V.1.3b 
Jun-05 09:43:32:[96m WS[0m Subscribed to 41 strings in total 
Jun-05 10:22:27:[96m WS[0m 1 order(s) created for XBTM19 
Jun-05 10:22:27:[96m WS[0m 1 order(s) moved for XBTM19 
Jun-05 10:22:27:[96m WS[0m [33mExec [33m- [33mBuy [33m720 [33mContracts [33mXBTM19 [33m@ [33m7997-> [0m
Jun-05 10:22:32:[96m WS[0m 1 order(s) moved for ETHUSD 
Jun-05 10:22:32:[96m WS[0m [33mExec [33m- [33mBuy [33m719 [33mContracts [33mETHUSD [33m@ [33m249.95-> [0m
Jun-05 10:25:54:[96m WS[0m 1 order(s) created for XBTM19 
Jun-05 10:25:54:[96m WS[0m [33mExec [33m- [33mSell [33m762 [33mContracts [33mXBTM19 [33m@ [33m7785-> [0m
Jun-05 10:25:59:[96m WS[0m 1 order(s) created for ETHUSD 
Jun-05 10:25:59:[96m WS[0m [33mExec [33m- [33mSell [33m761 [33mContracts [33mETHUSD [33m@ [33m244.05-> [0m
Jun-05 10:26:00:[96m WS[0m 1 order(s) canceled for ETHUSD
Jun-05 11:21:27:[96m WS[0m 22 order(s) moved for ETHUSD 
Jun-05 11:21:27:[96m WS[0m 3 order(s) created for ETHUSD 
Jun-05 11:22:03:[96m WS[0m 23 order(s) moved for XBTM19 
Jun-05 11:22:03:[96m WS[0m 2 order(s) created for XBTM19 
Jun-05 11:31:01:[96m WS[0m 51 order(s) canceled for ETHUSD
Jun-05 11:31:02:[96m WS[0m 31 order(s) canceled for XBTM19
Jun-05 11:31:35:[96m WS[0m 25 order(s) created for XBTM19 
Jun-05 11:31:53:[96m WS[0m 25 order(s) created for ETHUSD 
Jun-05 12:05:13:[96m WS[0m 24 order(s) canceled for ETHUSD
Jun-05 12:05:13:[96m WS[0m 1 order(s) moved for ETHUSD 
Jun-05 12:05:39:[96m WS[0m 25 order(s) created for ETHUSD 
Jun-05 12:07:02:[96m WS[0m 1 order(s) canceled for XBTUSD
Jun-05 12:07:02:[96m WS[0m 1 order(s) created for XBTUSD 
Jun-05 12:07:02:[96m WS[0m [33mExec [33m- [33mSell [33m4290 [33mContracts [33mXBTUSD [33m@ [33m7825.5-> [0m
Jun-05 12:07:02:[96m WS[0m 1 order(s) canceled for XBTUSD
Jun-05 12:07:12:[96m WS[0m 6 order(s) created for XBTUSD 
Jun-05 12:07:12:[96m WS[0m 1 order(s) moved for XBTUSD 
Jun-05 12:07:12:[96m WS[0m [33mExec [33m- [33mSell [33m2245 [33mContracts [33mXBTUSD [33m@ [33m7596-> [0m
Jun-05 12:07:13:[96m WS[0m 5 order(s) moved for XBTUSD 
Jun-05 12:07:14:[96m WS[0m 20 order(s) created for XBTUSD 
Jun-05 12:26:38:[96m WS[0m 1 order(s) created for XBTUSD 
Jun-05 12:26:38:[96m WS[0m [33mExec [33m- [33mBuy [33m2245 [33mContracts [33mXBTUSD [33m@ [33m7787-> [0m
Jun-05 12:26:39:[96m WS[0m 1 order(s) canceled for XBTUSD
Jun-05 12:26:44:[96m WS[0m 30 order(s) canceled for XBTUSD
Jun-05 12:32:15:[96m WS[0m 25 order(s) created for XBTUSD 
Jun-05 12:38:10:[96m WS[0m 6 order(s) created for XBTM19 
Jun-05 12:38:11:[96m WS[0m 1 order(s) moved for XBTM19 
Jun-05 12:38:11:[96m WS[0m [33mExec [33m- [33mSell [33m2250 [33mContracts [33mXBTM19 [33m@ [33m7585.5-> [0m
Jun-05 12:39:54:[96m WS[0m 7 order(s) created for XRPM19 
Jun-05 12:39:55:[96m WS[0m 1 order(s) moved for XRPM19 
Jun-05 12:39:55:[96m WS[0m [33mExec [33m- [33mSell [33m1256 [33mContracts [33mXRPM19 [33m@ [33m5.041e-05-> [0m
Jun-05 12:39:57:[96m WS[0m 2 order(s) canceled for XRPM19
Jun-05 12:40:05:[96m WS[0m 1 order(s) created for XRPM19 
Jun-05 12:40:05:[96m WS[0m SL placed for XRPM19 @ 5.45e-05
Jun-05 12:40:25:[96m WS[0m- XRPM19 TP New Limit Order : 1256 Contracts @ 3.222e-05 
Jun-05 12:40:25:[96m WS[0m 1 order(s) canceled for XRPM19
Jun-05 12:54:27:[96m WS[0m 7 order(s) created for TRXM19 
Jun-05 12:54:28:[96m WS[0m 1 order(s) moved for TRXM19 
Jun-05 12:54:28:[96m WS[0m [33mExec [33m- [33mSell [33m13231 [33mContracts [33mTRXM19 [33m@ [33m4.36e-06-> [0m
Jun-05 12:54:29:[96m WS[0m 3 order(s) canceled for TRXM19
Jun-05 12:54:37:[96m WS[0m 1 order(s) created for TRXM19 
Jun-05 12:54:37:[96m WS[0m SL placed for TRXM19 @ 4.95e-06
Jun-05 13:44:52:[96m WS[0m 1 order(s) moved for XBTU19 
Jun-05 13:44:52:[96m WS[0m [33mExec [33m- [33mSell [33m3006 [33mContracts [33mXBTU19 [33m@ [33m7598.5-> [0m
Jun-05 13:52:23:[96m WS[0m 7 order(s) created for XBTUSD 
Jun-05 13:52:26:[96m WS[0m 1 order(s) moved for XBTUSD 
Jun-05 13:52:26:[96m WS[0m [33mExec [33m- [33mBuy [33m1504 [33mContracts [33mXBTUSD [33m@ [33m8116.5-> [0m
Jun-05 13:52:50:[96m WS[0m 1 order(s) created for XBTUSD 
Jun-05 13:52:50:[96m WS[0m SL placed for XBTUSD @ 7770
Jun-05 13:52:51:[96m WS[0m 1 order(s) created for XBTUSD 
Jun-05 13:52:51:[96m WS[0m SL placed for XBTUSD @ 7770
Jun-05 13:52:52:[96m WS[0m 1 order(s) created for XBTUSD 
Jun-05 13:52:52:[96m WS[0m SL placed for XBTUSD @ 7770
Jun-05 13:52:54:[96m WS[0m 1 order(s) canceled for XBTUSD
Jun-05 14:05:11:[96m WS[0m 1 order(s) created for XBTUSD 
Jun-05 14:05:11:[96m WS[0m [33mExec [33m- [33mSell [33m1504 [33mContracts [33mXBTUSD [33m@ [33m7869.5-> [0m
Jun-05 14:05:11:[96m WS[0m 1 order(s) canceled for XBTUSD
Jun-05 14:05:26:[96m WS[0m 1 order(s) created for XBTUSD 
Jun-05 14:05:26:[96m WS[0m SL placed for XBTUSD @ 7925
Jun-05 14:05:27:[96m WS[0m 1 order(s) created for XBTUSD 
Jun-05 14:05:27:[96m WS[0m SL placed for XBTUSD @ 7925
Jun-05 14:05:31:[96m WS[0m 1 order(s) moved for XBTUSD 
Jun-05 14:05:31:[96m WS[0m [33mExec [33m- [33mSell [33m2250 [33mContracts [33mXBTUSD [33m@ [33m7636.5-> [0m
Jun-05 14:10:33:[96m WS[0m 1 order(s) created for XBTUSD 
Jun-05 14:10:33:[96m WS[0m [33mExec [33m- [33mBuy [33m2250 [33mContracts [33mXBTUSD [33m@ [33m7852-> [0m
Jun-05 14:10:34:[96m WS[0m 1 order(s) canceled for XBTUSD
Jun-05 14:19:07:[96m WS[0m 1 order(s) moved for XBTUSD 
Jun-05 14:19:07:[96m WS[0m [33mExec [33m- [33mSell [33m750 [33mContracts [33mXBTUSD [33m@ [33m7628-> [0m
Jun-05 14:36:21:[96m WS[0m 1 order(s) created for XBTUSD 
Jun-05 14:36:21:[96m WS[0m [33mExec [33m- [33mBuy [33m750 [33mContracts [33mXBTUSD [33m@ [33m7796-> [0m
Jun-05 14:36:24:[96m WS[0m 1 order(s) canceled for XBTUSD
Jun-05 14:36:50:[96m WS[0m 1 order(s) created for XBTUSD 
Jun-05 14:36:50:[96m WS[0m 1 order(s) moved for XBTUSD 
Jun-05 14:36:50:[96m WS[0m [33mExec [33m- [33mBuy [33m747 [33mContracts [33mXBTUSD [33m@ [33m8037.5-> [0m
Jun-05 14:39:52:[96m WS[0m 1 order(s) created for XBTUSD 
Jun-05 14:39:52:[96m WS[0m [33mExec [33m- [33mSell [33m747 [33mContracts [33mXBTUSD [33m@ [33m7827.5-> [0m
Jun-05 14:39:52:[96m WS[0m 1 order(s) canceled for XBTUSD
Jun-05 14:48:20:[96m WS[0m 1 order(s) created for XBTUSD 
Jun-05 14:48:20:[96m WS[0m 1 order(s) moved for XBTUSD 
Jun-05 14:48:20:[96m WS[0m [33mExec [33m- [33mBuy [33m746 [33mContracts [33mXBTUSD [33m@ [33m8023.5-> [0m
Jun-05 14:49:00:[96m WS[0m 2 order(s) moved for XBTUSD 
Jun-05 14:49:00:[96m WS[0m Stop Loss moved for XBTUSD @ 7750
Jun-05 14:49:00:[96m WS[0m 1 order(s) canceled for XBTUSD
Jun-05 14:49:05:[96m WS[0m 1 order(s) moved for XBTUSD 
Jun-05 14:49:05:[96m WS[0m Stop Loss moved for XBTUSD @ 7750
Jun-05 14:49:05:[96m WS[0m 1 order(s) moved for XBTUSD 
Jun-05 14:49:05:[96m WS[0m Stop Loss moved for XBTUSD @ 7750
Jun-05 14:49:05:[96m WS[0m 1 order(s) moved for XBTUSD 
Jun-05 14:49:05:[96m WS[0m Stop Loss moved for XBTUSD @ 7750
Jun-05 14:49:06:[96m WS[0m 1 order(s) moved for XBTUSD 
Jun-05 14:49:06:[96m WS[0m Stop Loss moved for XBTUSD @ 7750
Jun-05 14:49:06:[96m WS[0m 1 order(s) moved for XBTUSD 
Jun-05 14:49:06:[96m WS[0m Stop Loss moved for XBTUSD @ 7750
Jun-05 14:49:07:[96m WS[0m 1 order(s) moved for XBTUSD 
Jun-05 14:49:07:[96m WS[0m Stop Loss moved for XBTUSD @ 7750
Jun-05 14:49:09:[96m WS[0m 1 order(s) moved for XBTUSD 
Jun-05 14:49:09:[96m WS[0m Stop Loss moved for XBTUSD @ 7750
Jun-05 14:49:10:[96m WS[0m 1 order(s) moved for XBTUSD 
Jun-05 14:49:10:[96m WS[0m Stop Loss moved for XBTUSD @ 7750
Jun-05 14:49:10:[96m WS[0m 1 order(s) moved for XBTUSD 
Jun-05 14:49:10:[96m WS[0m Stop Loss moved for XBTUSD @ 7750
Jun-05 14:49:10:[96m WS[0m 1 order(s) moved for XBTUSD 
Jun-05 14:49:10:[96m WS[0m Stop Loss moved for XBTUSD @ 7750
Jun-05 14:49:10:[96m WS[0m 1 order(s) moved for XBTUSD 
Jun-05 14:49:10:[96m WS[0m Stop Loss moved for XBTUSD @ 7750
Jun-05 14:49:10:[96m WS[0m 1 order(s) moved for XBTUSD 
Jun-05 14:49:10:[96m WS[0m Stop Loss moved for XBTUSD @ 7750
Jun-05 14:49:11:[96m WS[0m 1 order(s) moved for XBTUSD 
Jun-05 14:49:11:[96m WS[0m Stop Loss moved for XBTUSD @ 7750
Jun-05 14:49:12:[96m WS[0m 1 order(s) moved for XBTUSD 
Jun-05 14:49:12:[96m WS[0m Stop Loss moved for XBTUSD @ 7750
Jun-05 14:49:15:[96m WS[0m 1 order(s) moved for XBTUSD 
Jun-05 14:49:15:[96m WS[0m Stop Loss moved for XBTUSD @ 7750
Jun-05 14:49:15:[96m WS[0m 1 order(s) moved for XBTUSD 
Jun-05 14:49:15:[96m WS[0m Stop Loss moved for XBTUSD @ 7750
Jun-05 14:49:16:[96m WS[0m 1 order(s) moved for XBTUSD 
Jun-05 14:49:16:[96m WS[0m Stop Loss moved for XBTUSD @ 7750
Jun-05 14:49:17:[96m WS[0m 1 order(s) moved for XBTUSD 
Jun-05 14:49:17:[96m WS[0m Stop Loss moved for XBTUSD @ 7750
Jun-05 14:49:20:[96m WS[0m 1 order(s) moved for XBTUSD 
Jun-05 14:49:20:[96m WS[0m Stop Loss moved for XBTUSD @ 7750
Jun-05 15:03:12:[96m WS[0m 1 order(s) created for XBTUSD 
Jun-05 15:03:12:[96m WS[0m [33mSL [33mTriggered [33mfor [33mXBTUSD [33m@ [33m7750 [0m
Jun-05 15:03:12:[96m WS[0m [33mExec [33m- [33mSell [33m746 [33mContracts [33mXBTUSD [33m@ [33m7750-> [0m
Jun-05 15:07:50:[96m WS[0m 1 order(s) moved for XBTUSD 
Jun-05 15:07:50:[96m WS[0m [33mExec [33m- [33mBuy [33m1482 [33mContracts [33mXBTUSD [33m@ [33m7990-> [0m
Jun-05 15:07:50:[96m WS[0m 25 order(s) created for XBTUSD 
Jun-05 15:08:38:[96m WS[0m 25 order(s) moved for XBTUSD 
Jun-05 15:12:03:[96m WS[0m 1 order(s) created for XBTUSD 
Jun-05 15:12:03:[96m WS[0m [33mExec [33m- [33mSell [33m1482 [33mContracts [33mXBTUSD [33m@ [33m7778-> [0m
Jun-05 15:12:03:[96m WS[0m 1 order(s) canceled for XBTUSD
Jun-05 15:12:04:[96m WS[0m 54 order(s) canceled for XBTUSD
Jun-05 15:31:54:[96m WS[0m 6 order(s) created for XBTUSD 
Jun-05 15:31:54:[96m WS[0m 1 order(s) moved for XBTUSD 
Jun-05 15:31:54:[96m WS[0m [33mExec [33m- [33mSell [33m745 [33mContracts [33mXBTUSD [33m@ [33m7570-> [0m
Jun-05 15:41:27:[96m WS[0m 1 order(s) created for XBTUSD 
Jun-05 15:41:27:[96m WS[0m [33mExec [33m- [33mBuy [33m745 [33mContracts [33mXBTUSD [33m@ [33m7783-> [0m
Jun-05 15:41:29:[96m WS[0m 1 order(s) canceled for XBTUSD
Jun-05 16:01:15:[96m WS.Err[0m.6 [91mExit [91mCase [91m- [91mConnection [91mis [91malready [91mclosed. [0m
Jun-05 16:01:15:[96m WS[0m Connecting... V.1.3b 
Jun-05 16:01:23:[96m WS[0m Subscribed to 41 strings in total 
Jun-05 16:58:43:[96m WS[0m 1 order(s) created for XBTM19 
Jun-05 16:58:43:[96m WS[0m [33mExec [33m- [33mBuy [33m2250 [33mContracts [33mXBTM19 [33m@ [33m7782-> [0m
Jun-05 16:58:43:[96m WS[0m 1 order(s) canceled for XBTM19
Jun-05 16:58:45:[96m WS[0m 1 order(s) created for XBTU19 
Jun-05 16:58:45:[96m WS[0m [33mExec [33m- [33mBuy [33m3006 [33mContracts [33mXBTU19 [33m@ [33m7778-> [0m
Jun-05 16:58:45:[96m WS[0m 1 order(s) canceled for XBTU19
Jun-05 16:59:16:[96m WS[0m 25 order(s) created for XBTM19 
Jun-05 17:12:26:[33m=== Exit stdout Flush ===[0m
Jun-05 17:12:26:[33mNone[0m
