 Jun-05 17:12:57:Log located in /home/slym/PycharmProjects/MEXBOT/Cython/Core/AuxAKkDf1I4AH0r0hUXfuYH03pi.log
   
 |   Alpha Public version ; expires 07.07.2019. Updates will follow !                              |
 [33m|   Disclaimer : You assume all risks and responsibilities by using this software's beta          |[0m
 [33m|                version ! It may contain bugs...                                                 |[0m
 |   If you enjoy this script consider opening an account under my ref. link and enjoy a 6         |
 |   months 10% trading fee rebate: https://www.bitmex.com/register/sWN0ys                         |
 |   ( Some additional features will be added for referred accounts )                              |
 |                        Thank you !                         [96mTwitter @slym85[0m / [95mTelegram @JohnN_N[0m  |
 |                                                               https://github.com/John-NN/MexUI  |
   
Jun-05 17:12:59:[96m WS[0m Connecting... V.1.3b 
Jun-05 17:13:06:[96m WS[0m Subscribed to 41 strings in total 
Jun-05 17:13:14:[33m=== Exit stdout Flush ===[0m
Jun-05 17:13:14:[33mNone[0m
Jun-06 01:45:49:Log located in /home/slym/PycharmProjects/MEXBOT/Cython/Core/AuxAKkDf1I4AH0r0hUXfuYH03pi.log
   
 |   Alpha Public version ; expires 07.07.2019. Updates will follow !                              |
 [33m|   Disclaimer : You assume all risks and responsibilities by using this software's beta          |[0m
 [33m|                version ! It may contain bugs...                                                 |[0m
 |   If you enjoy this script consider opening an account under my ref. link and enjoy a 6         |
 |   months 10% trading fee rebate: https://www.bitmex.com/register/sWN0ys                         |
 |   ( Some additional features will be added for referred accounts )                              |
 |                        Thank you !                         [96mTwitter @slym85[0m / [95mTelegram @JohnN_N[0m  |
 |                                                               https://github.com/John-NN/MexUI  |
   
Jun-06 01:45:51:[96m WS[0m Connecting... V.1.3b 
Jun-06 01:45:51: Commission Check: Fee is 0.675% Taker ; [92mAccount Ref OK[0m
Jun-06 01:45:55:[96m WS[0m Connecting... V.1.3b 
Jun-06 01:45:57:[96m WS[0m Subscribed to 41 strings in total 
Jun-06 02:01:02:[96m WS[0m 1 order(s) created for ETHUSD 
Jun-06 02:01:02:[96m WS[0m [33mExec [33m- [33mBuy [33m122 [33mContracts [33mETHUSD [33m@ [33m246.6-> [0m
Jun-06 02:01:03:[96m WS[0m 1 order(s) canceled for ETHUSD
Jun-06 02:05:39:[96m WS[0m [33mExec [33m- [33mSell [33m2 [33mContracts [33mXBTM19 [33m@ [33m7833-> [0m
Jun-06 04:42:34:[96m WS[0m [33mExec [33m- [33mSell [33m4 [33mContracts [33mXBTM19 [33m@ [33m7854-> [0m
Jun-06 10:54:24:[96m WS[0m 25 order(s) moved for XBTUSD 
Jun-06 16:18:59:[96m WS[0m 1 order(s) created for XBTUSD 
Jun-06 16:19:02:[96m WS[0m 1 order(s) moved for XBTUSD 
Jun-06 16:19:02:[96m WS[0m [33mExec [33m- [33mBuy [33m364 [33mContracts [33mXBTUSD [33m@ [33m7916.5-> [0m
Jun-06 16:19:11:[96m WS[0m 25 order(s) moved for XBTUSD 
Jun-06 16:20:26:[96m WS[0m [33mExec [33m- [33mBuy [33m2 [33mContracts [33mXBTUSD [33m@ [33m7667-> [0m
Jun-06 16:22:29:[96m WS[0m 1 order(s) created for XBTU19 
Jun-06 16:22:29:[96m WS[0m [33mExec [33m- [33mBuy [33m369 [33mContracts [33mXBTU19 [33m@ [33m7660-> [0m
Jun-06 16:22:29:[96m WS[0m 1 order(s) canceled for XBTU19
Jun-06 16:22:37:[96m WS[0m 1 order(s) created for XBTM19 
Jun-06 16:22:37:[96m WS[0m [33mExec [33m- [33mBuy [33m6 [33mContracts [33mXBTM19 [33m@ [33m7667.5-> [0m
Jun-06 16:22:38:[96m WS[0m 1 order(s) canceled for XBTM19
Jun-06 16:22:41:[96m WS[0m 53 order(s) canceled for XBTM19
Jun-06 16:38:59:[96m WS[0m 1 order(s) created for XBTUSD 
Jun-06 16:38:59:[96m WS[0m [33mExec [33m- [33mSell [33m366 [33mContracts [33mXBTUSD [33m@ [33m7740-> [0m
Jun-06 16:39:04:[96m WS[0m 1 order(s) canceled for XBTUSD
Jun-06 16:39:14:[96m WS[0m 24 order(s) moved for XBTUSD 
Jun-06 16:39:14:[96m WS[0m 1 order(s) created for XBTUSD 
Jun-06 16:44:04:[96m WS[0m [33mExec [33m- [33mBuy [33m3 [33mContracts [33mXBTUSD [33m@ [33m7723.5-> [0m
Jun-06 16:45:46:[96m WS[0m 1 order(s) moved for XBTUSD 
Jun-06 16:45:46:[96m WS[0m [33mExec [33m- [33mBuy [33m123 [33mContracts [33mXBTUSD [33m@ [33m7970-> [0m
Jun-06 17:03:14:[96m WS[0m [33mExec [33m- [33mBuy [33m6 [33mContracts [33mXBTUSD [33m@ [33m7709-> [0m
Jun-06 17:10:21:[96m WS[0m [33mExec [33m- [33mBuy [33m9 [33mContracts [33mXBTUSD [33m@ [33m7694-> [0m
Jun-06 17:11:03:[96m WS[0m [33mExec [33m- [33mBuy [33m12 [33mContracts [33mXBTUSD [33m@ [33m7679.5-> [0m
Jun-06 17:11:11:[96m WS[0m [33mExec [33m- [33mBuy [33m15 [33mContracts [33mXBTUSD [33m@ [33m7665-> [0m
Jun-06 17:13:24:[96m WS[0m [33mExec [33m- [33mBuy [33m18 [33mContracts [33mXBTUSD [33m@ [33m7650.5-> [0m
Jun-06 17:16:18:[96m WS[0m 1 order(s) created for XBTUSD 
Jun-06 17:16:18:[96m WS[0m 1 order(s) moved for XBTUSD 
Jun-06 17:16:18:[96m WS[0m [33mExec [33m- [33mBuy [33m192 [33mContracts [33mXBTUSD [33m@ [33m7912-> [0m
Jun-06 17:16:35:[96m WS[0m 19 order(s) moved for XBTUSD 
Jun-06 17:16:36:[96m WS[0m 6 order(s) created for XBTUSD 
Jun-06 17:17:36:[96m WS[0m [33mExec [33m- [33mBuy [33m2 [33mContracts [33mXBTUSD [33m@ [33m7680.5-> [0m
Jun-06 17:34:48:[96m WS[0m 1 order(s) created for XBTUSD 
Jun-06 17:34:48:[96m WS[0m 1 order(s) moved for XBTUSD 
Jun-06 17:34:49:[96m WS[0m [33mExec [33m- [33mBuy [33m250 [33mContracts [33mXBTUSD [33m@ [33m7931-> [0m
Jun-06 17:35:03:[96m WS[0m 24 order(s) moved for XBTUSD 
Jun-06 17:35:05:[96m WS[0m 1 order(s) created for XBTUSD 
Jun-06 17:37:51:[96m WS[0m [33mExec [33m- [33mBuy [33m2 [33mContracts [33mXBTUSD [33m@ [33m7691.5-> [0m
Jun-06 17:41:29:[96m WS[0m [33mExec [33m- [33mBuy [33m4 [33mContracts [33mXBTUSD [33m@ [33m7681.5-> [0m
Jun-06 17:44:19:[96m WS[0m [33mExec [33m- [33mBuy [33m6 [33mContracts [33mXBTUSD [33m@ [33m7671.5-> [0m
Jun-06 17:44:28:[96m WS[0m [33mExec [33m- [33mBuy [33m8 [33mContracts [33mXBTUSD [33m@ [33m7661.5-> [0m
Jun-06 17:45:24:[96m WS[0m [33mExec [33m- [33mBuy [33m10 [33mContracts [33mXBTUSD [33m@ [33m7651.5-> [0m
Jun-06 17:45:25:[96m WS[0m [33mExec [33m- [33mBuy [33m12 [33mContracts [33mXBTUSD [33m@ [33m7642-> [0m
Jun-06 17:45:26:[96m WS[0m [33mExec [33m- [33mBuy [33m14 [33mContracts [33mXBTUSD [33m@ [33m7632-> [0m
Jun-06 17:45:32:[96m WS[0m [33mExec [33m- [33mBuy [33m16 [33mContracts [33mXBTUSD [33m@ [33m7622-> [0m
Jun-06 17:47:32:[96m WS[0m 25 order(s) created for XBTM19 
Jun-06 17:47:42:[96m WS[0m 7 order(s) created for XBTM19 
Jun-06 17:47:43:[96m WS[0m 1 order(s) moved for XBTM19 
Jun-06 17:47:43:[96m WS[0m [33mExec [33m- [33mBuy [33m124 [33mContracts [33mXBTM19 [33m@ [33m7849-> [0m
Jun-06 17:48:12:[96m WS[0m [33mExec [33m- [33mBuy [33m18 [33mContracts [33mXBTUSD [33m@ [33m7612-> [0m
Jun-06 17:48:20:[96m WS[0m [33mExec [33m- [33mBuy [33m20 [33mContracts [33mXBTUSD [33m@ [33m7602-> [0m
Jun-06 17:48:33:[96m WS[0m [33mExec [33m- [33mBuy [33m22 [33mContracts [33mXBTUSD [33m@ [33m7592.5-> [0m
Jun-06 17:48:33:[96m WS[0m [33mExec [33m- [33mBuy [33m24 [33mContracts [33mXBTUSD [33m@ [33m7582.5-> [0m
Jun-06 17:48:33:[96m WS[0m [33mExec [33m- [33mBuy [33m1 [33mContracts [33mXBTM19 [33m@ [33m7594.5-> [0m
Jun-06 17:48:42:[96m WS[0m [33mExec [33m- [33mBuy [33m2 [33mContracts [33mXBTM19 [33m@ [33m7574-> [0m
Jun-06 18:08:40:[96m WS[0m 1 order(s) created for XBTUSD 
Jun-06 18:08:40:[96m WS[0m [33mExec [33m- [33mSell [33m786 [33mContracts [33mXBTUSD [33m@ [33m7700-> [0m
Jun-06 18:08:41:[96m WS[0m 1 order(s) canceled for XBTUSD
Jun-06 18:08:55:[96m WS[0m 13 order(s) moved for XBTUSD 
Jun-06 18:08:55:[96m WS[0m 12 order(s) created for XBTUSD 
Jun-06 18:10:09:[96m WS[0m [33mExec [33m- [33mBuy [33m3 [33mContracts [33mXBTUSD [33m@ [33m7698.5-> [0m
Jun-06 18:11:40:[96m WS[0m 1 order(s) created for XBTM19 
Jun-06 18:11:40:[96m WS[0m [33mExec [33m- [33mSell [33m127 [33mContracts [33mXBTM19 [33m@ [33m7681-> [0m
Jun-06 18:11:41:[96m WS[0m SL placed for XBTM19 @ 0
Jun-06 18:11:41:[96m WS[0m 23 order(s) canceled for XBTM19
Jun-06 18:11:53:[96m WS[0m 25 order(s) created for XBTM19 
Jun-06 18:13:36:[96m WS[0m 1 order(s) created for XBTUSD 
Jun-06 18:13:36:[96m WS[0m [33mExec [33m- [33mSell [33m3 [33mContracts [33mXBTUSD [33m@ [33m7702.5-> [0m
Jun-06 18:13:36:[96m WS[0m 1 order(s) canceled for XBTUSD
Jun-06 18:13:48:[96m WS[0m 24 order(s) moved for XBTUSD 
Jun-06 18:13:48:[96m WS[0m 1 order(s) created for XBTUSD 
Jun-06 18:20:14:[96m WS[0m 25 order(s) moved for XBTUSD 
Jun-06 18:21:53:[96m WS[0m 25 order(s) moved for XBTM19 
Jun-06 18:33:08:[96m WS[0m 1 order(s) created for XBTM19 
Jun-06 18:33:09:[96m WS[0m 1 order(s) moved for XBTM19 
Jun-06 18:33:09:[96m WS[0m [33mExec [33m- [33mBuy [33m252 [33mContracts [33mXBTM19 [33m@ [33m7902.5-> [0m
Jun-06 18:34:21:[96m WS[0m 1 order(s) created for XBTUSD 
Jun-06 18:34:21:[96m WS[0m 1 order(s) moved for XBTUSD 
Jun-06 18:34:21:[96m WS[0m [33mExec [33m- [33mBuy [33m253 [33mContracts [33mXBTUSD [33m@ [33m7914.5-> [0m
Jun-06 18:43:39:[96m WS[0m [33mExec [33m- [33mBuy [33m3 [33mContracts [33mXBTUSD [33m@ [33m7673-> [0m
Jun-06 18:47:55:[96m WS[0m 1 order(s) moved for XBTU19 
Jun-06 18:47:55:[96m WS[0m [33mExec [33m- [33mSell [33m385 [33mContracts [33mXBTU19 [33m@ [33m7446-> [0m
Jun-06 18:48:44:[96m WS[0m 25 order(s) moved for XBTM19 
Jun-06 19:00:22:[96m WS[0m 1 order(s) created for XBTM19 
Jun-06 19:00:22:[96m WS[0m [33mExec [33m- [33mSell [33m252 [33mContracts [33mXBTM19 [33m@ [33m7701-> [0m
Jun-06 19:00:22:[96m WS[0m 1 order(s) canceled for XBTM19
Jun-06 19:00:26:[96m WS[0m 1 order(s) created for XBTUSD 
Jun-06 19:00:26:[96m WS[0m [33mExec [33m- [33mSell [33m256 [33mContracts [33mXBTUSD [33m@ [33m7710-> [0m
Jun-06 19:00:26:[96m WS[0m 1 order(s) canceled for XBTUSD
Jun-06 19:00:27:[96m WS[0m 55 order(s) canceled for XBTUSD
Jun-06 19:00:28:[96m WS[0m 1 order(s) created for XBTUSD 
Jun-06 19:00:28:[96m WS[0m SL placed for XBTUSD @ 0
Jun-06 19:00:28:[96m WS[0m 1 order(s) created for XBTUSD 
Jun-06 19:00:28:[96m WS[0m SL placed for XBTUSD @ 0
Jun-06 19:00:28:[96m WS[0m 1 order(s) created for XBTUSD 
Jun-06 19:00:28:[96m WS[0m SL placed for XBTUSD @ 0
Jun-06 19:00:29:[96m WS[0m 1 order(s) created for XBTUSD 
Jun-06 19:00:29:[96m WS[0m SL placed for XBTUSD @ 0
Jun-06 19:00:56:[96m WS[0m 25 order(s) created for XBTUSD 
Jun-06 19:11:03:[96m WS[0m 7 order(s) created for XBTUSD 
Jun-06 19:11:03:[96m WS[0m 1 order(s) moved for XBTUSD 
Jun-06 19:11:03:[96m WS[0m [33mExec [33m- [33mBuy [33m127 [33mContracts [33mXBTUSD [33m@ [33m7951-> [0m
Jun-06 19:42:28:[96m WS[0m 1 order(s) created for XBTM19 
Jun-06 19:42:28:[96m WS[0m 1 order(s) moved for XBTM19 
Jun-06 19:42:29:[96m WS[0m [33mExec [33m- [33mBuy [33m253 [33mContracts [33mXBTM19 [33m@ [33m7904-> [0m
Jun-06 19:42:32:[96m WS[0m 1 order(s) created for XBTUSD 
Jun-06 19:42:33:[96m WS[0m 1 order(s) moved for XBTUSD 
Jun-06 19:42:33:[96m WS[0m [33mExec [33m- [33mBuy [33m127 [33mContracts [33mXBTUSD [33m@ [33m7926-> [0m
Jun-06 20:01:21:[96m WS[0m 1 order(s) created for XBTUSD 
Jun-06 20:01:21:[96m WS[0m [33mExec [33m- [33mSell [33m254 [33mContracts [33mXBTUSD [33m@ [33m7710.5-> [0m
Jun-06 20:01:21:[96m WS[0m 1 order(s) canceled for XBTUSD
Jun-06 20:01:58:[96m WS[0m 1 order(s) created for XBTM19 
Jun-06 20:01:58:[96m WS[0m [33mExec [33m- [33mSell [33m253 [33mContracts [33mXBTM19 [33m@ [33m7686.5-> [0m
Jun-06 20:02:11:[96m WS[0m 1 order(s) moved for XBTU19 
Jun-06 20:02:11:[96m WS[0m [33mExec [33m- [33mSell [33m121 [33mContracts [33mXBTU19 [33m@ [33m7466.5-> [0m
Jun-06 20:02:38:[96m WS[0m 25 order(s) moved for XBTUSD 
Jun-06 20:10:59:[96m WS[0m 1 order(s) created for XBTUSD 
Jun-06 20:10:59:[96m WS[0m 1 order(s) moved for XBTUSD 
Jun-06 20:10:59:[96m WS[0m [33mExec [33m- [33mBuy [33m127 [33mContracts [33mXBTUSD [33m@ [33m7927.5-> [0m
Jun-06 20:23:10:[96m WS[0m [33mExec [33m- [33mBuy [33m3 [33mContracts [33mXBTUSD [33m@ [33m7633.5-> [0m
Jun-06 21:07:01:[96m WS[0m [33mExec [33m- [33mBuy [33m6 [33mContracts [33mXBTUSD [33m@ [33m7627-> [0m
Jun-06 21:07:06:[96m WS[0m [33mExec [33m- [33mBuy [33m9 [33mContracts [33mXBTUSD [33m@ [33m7620-> [0m
Jun-06 21:08:39:[96m WS[0m [33mExec [33m- [33mBuy [33m12 [33mContracts [33mXBTUSD [33m@ [33m7613-> [0m
Jun-06 21:10:01:[96m WS[0m [33mExec [33m- [33mBuy [33m15 [33mContracts [33mXBTUSD [33m@ [33m7606-> [0m
Jun-06 21:10:59:[96m WS[0m [33mExec [33m- [33mBuy [33m18 [33mContracts [33mXBTUSD [33m@ [33m7599.5-> [0m
Jun-06 21:11:03:[96m WS[0m [33mExec [33m- [33mBuy [33m21 [33mContracts [33mXBTUSD [33m@ [33m7592.5-> [0m
Jun-06 21:13:00:[96m WS[0m [33mExec [33m- [33mBuy [33m24 [33mContracts [33mXBTUSD [33m@ [33m7585.5-> [0m
Jun-06 21:13:06:[96m WS[0m [33mExec [33m- [33mBuy [33m27 [33mContracts [33mXBTUSD [33m@ [33m7579-> [0m
Jun-06 21:13:07:[96m WS[0m [33mExec [33m- [33mBuy [33m30 [33mContracts [33mXBTUSD [33m@ [33m7572-> [0m
Jun-06 21:13:11:[96m WS[0m [33mExec [33m- [33mBuy [33m33 [33mContracts [33mXBTUSD [33m@ [33m7565.5-> [0m
Jun-06 21:13:15:[96m WS[0m [33mExec [33m- [33mBuy [33m36 [33mContracts [33mXBTUSD [33m@ [33m7558.5-> [0m
Jun-06 21:13:19:[96m WS[0m [33mExec [33m- [33mBuy [33m39 [33mContracts [33mXBTUSD [33m@ [33m7551.5-> [0m
Jun-06 21:13:22:[96m WS[0m [33mExec [33m- [33mBuy [33m42 [33mContracts [33mXBTUSD [33m@ [33m7545-> [0m
Jun-06 21:13:26:[96m WS[0m [33mExec [33m- [33mBuy [33m45 [33mContracts [33mXBTUSD [33m@ [33m7538-> [0m
Jun-06 21:13:30:[96m WS[0m [33mExec [33m- [33mBuy [33m54 [33mContracts [33mXBTUSD [33m@ [33m7518-> [0m
Jun-06 21:13:30:[96m WS[0m [33mExec [33m- [33mBuy [33m51 [33mContracts [33mXBTUSD [33m@ [33m7524.5-> [0m
Jun-06 21:13:30:[96m WS[0m [33mExec [33m- [33mBuy [33m48 [33mContracts [33mXBTUSD [33m@ [33m7531.5-> [0m
Jun-06 21:13:36:[96m WS[0m [33mExec [33m- [33mBuy [33m57 [33mContracts [33mXBTUSD [33m@ [33m7511-> [0m
Jun-06 21:13:40:[96m WS[0m [33mExec [33m- [33mBuy [33m63 [33mContracts [33mXBTUSD [33m@ [33m7497.5-> [0m
Jun-06 21:13:40:[96m WS[0m [33mExec [33m- [33mBuy [33m66 [33mContracts [33mXBTUSD [33m@ [33m7491-> [0m
Jun-06 21:13:40:[96m WS[0m [33mExec [33m- [33mBuy [33m60 [33mContracts [33mXBTUSD [33m@ [33m7504.5-> [0m
Jun-06 21:14:10:[96m WS[0m 1 order(s) created for XBTU19 
Jun-06 21:14:10:[96m WS[0m [33mExec [33m- [33mBuy [33m506 [33mContracts [33mXBTU19 [33m@ [33m7567.5-> [0m
Jun-06 21:14:11:[96m WS[0m 1 order(s) canceled for XBTU19
Jun-06 21:18:15:[96m WS[0m 1 order(s) created for XBTUSD 
Jun-06 21:18:15:[96m WS[0m [33mExec [33m- [33mSell [33m886 [33mContracts [33mXBTUSD [33m@ [33m7583-> [0m
Jun-06 21:18:15:[96m WS[0m 1 order(s) canceled for XBTUSD
Jun-06 21:18:28:[96m WS[0m 3 order(s) moved for XBTUSD 
Jun-06 21:18:28:[96m WS[0m 22 order(s) created for XBTUSD 
Jun-06 21:19:25:[96m WS[0m 25 order(s) moved for XBTUSD 
Jun-06 21:21:41:[96m WS[0m [33mExec [33m- [33mBuy [33m3 [33mContracts [33mXBTUSD [33m@ [33m7537-> [0m
Jun-06 21:23:12:[96m WS[0m 1 order(s) created for XBTM19 
Jun-06 21:23:13:[96m WS[0m 1 order(s) moved for XBTM19 
Jun-06 21:23:14:[96m WS[0m [33mExec [33m- [33mBuy [33m258 [33mContracts [33mXBTM19 [33m@ [33m7778.5-> [0m
Jun-06 21:23:20:[96m WS[0m 1 order(s) created for XBTUSD 
Jun-06 21:23:20:[96m WS[0m 1 order(s) moved for XBTUSD 
Jun-06 21:23:20:[96m WS[0m [33mExec [33m- [33mBuy [33m126 [33mContracts [33mXBTUSD [33m@ [33m7796.5-> [0m
Jun-06 21:23:56:[96m WS[0m [33mExec [33m- [33mBuy [33m6 [33mContracts [33mXBTUSD [33m@ [33m7529-> [0m
Jun-06 21:24:03:[96m WS[0m [33mExec [33m- [33mBuy [33m9 [33mContracts [33mXBTUSD [33m@ [33m7520.5-> [0m
Jun-06 21:24:03:[96m WS[0m [33mExec [33m- [33mBuy [33m12 [33mContracts [33mXBTUSD [33m@ [33m7512.5-> [0m
Jun-06 21:24:11:[96m WS[0m [33mExec [33m- [33mBuy [33m15 [33mContracts [33mXBTUSD [33m@ [33m7504-> [0m
Jun-06 21:24:13:[96m WS[0m [33mExec [33m- [33mBuy [33m18 [33mContracts [33mXBTUSD [33m@ [33m7496-> [0m
Jun-06 21:24:13:[96m WS[0m [33mExec [33m- [33mBuy [33m21 [33mContracts [33mXBTUSD [33m@ [33m7487.5-> [0m
Jun-06 21:24:21:[96m WS[0m [33mExec [33m- [33mBuy [33m24 [33mContracts [33mXBTUSD [33m@ [33m7479.5-> [0m
Jun-06 21:28:34:[96m WS[0m [33mExec [33m- [33mBuy [33m27 [33mContracts [33mXBTUSD [33m@ [33m7471-> [0m
Jun-06 21:28:37:[96m WS[0m [33mExec [33m- [33mBuy [33m30 [33mContracts [33mXBTUSD [33m@ [33m7463-> [0m
Jun-06 21:28:43:[96m WS[0m [33mExec [33m- [33mBuy [33m33 [33mContracts [33mXBTUSD [33m@ [33m7455-> [0m
Jun-06 21:45:27:[96m WS[0m 1 order(s) created for XBTUSD 
Jun-06 21:45:27:[96m WS[0m [33mExec [33m- [33mSell [33m324 [33mContracts [33mXBTUSD [33m@ [33m7550-> [0m
Jun-06 21:45:28:[96m WS[0m 1 order(s) canceled for XBTUSD
Jun-06 21:45:57:[96m WS[0m 1 order(s) created for XBTM19 
Jun-06 21:45:57:[96m WS[0m [33mExec [33m- [33mSell [33m258 [33mContracts [33mXBTM19 [33m@ [33m7533-> [0m
Jun-06 21:45:59:[96m WS[0m 1 order(s) canceled for XBTM19
Jun-06 21:46:12:[96m WS[0m 20 order(s) canceled for XBTUSD
Jun-06 21:46:14:[96m WS[0m 31 order(s) canceled for XBTM19
Jun-06 21:46:42:[96m WS[0m 25 order(s) created for XBTM19 
Jun-06 21:59:27:[96m WS[0m 25 order(s) created for XBTUSD 
Jun-06 22:33:14:[96m WS[0m 7 order(s) created for XBTUSD 
Jun-06 22:33:14:[96m WS[0m 1 order(s) moved for XBTUSD 
Jun-06 22:33:14:[96m WS[0m [33mExec [33m- [33mBuy [33m165 [33mContracts [33mXBTUSD [33m@ [33m7823-> [0m
Jun-06 22:33:36:[96m WS[0m 25 order(s) moved for XBTUSD 
Jun-06 22:34:02:[96m WS[0m 12 order(s) canceled for XBTUSD
Jun-06 22:36:54:[96m WS[0m [33mExec [33m- [33mBuy [33m1 [33mContracts [33mXBTUSD [33m@ [33m7570-> [0m
Jun-06 23:20:03:[96m WS[0m 4 order(s) canceled for XBTUSD
Jun-06 23:20:05:[96m WS[0m 12 order(s) canceled for XBTUSD
Jun-06 23:20:06:[96m WS[0m 1 order(s) created for XBTUSD 
Jun-06 23:20:06:[96m WS[0m SL placed for XBTUSD @ 7599.5
Jun-06 23:41:54:[96m WS[0m 25 order(s) moved for XBTM19 
Jun-06 23:41:56:[96m WS[0m 1 order(s) created for XBTUSD 
Jun-06 23:41:56:[96m WS[0m [33mExec [33m- [33mSell [33m166 [33mContracts [33mXBTUSD [33m@ [33m7703-> [0m
Jun-06 23:41:57:[96m WS[0m 1 order(s) canceled for XBTUSD
Jun-06 23:42:05:[96m WS[0m 1 order(s) moved for XBTUSD 
Jun-06 23:42:05:[96m WS[0m Stop Loss moved for XBTUSD @ 3333
Jun-06 23:42:29:[96m WS[0m 25 order(s) created for XBTUSD 
Jun-06 23:42:39:[96m WS[0m 31 order(s) canceled for XBTUSD
Jun-06 23:42:46:[96m WS[0m 7 order(s) created for XBTM19 
Jun-06 23:42:46:[96m WS[0m 1 order(s) moved for XBTM19 
Jun-06 23:42:46:[96m WS[0m [33mExec [33m- [33mBuy [33m55 [33mContracts [33mXBTM19 [33m@ [33m7922-> [0m
Jun-07 00:25:28:[96m WS[0m 1 order(s) created for XBTUSD 
Jun-07 02:40:33:[96m WS[0m 1 order(s) canceled for XBTM19
Jun-07 02:40:36:[96m WS[0m 1 order(s) created for XBTM19 
Jun-07 02:40:36:[96m WS[0m SL placed for XBTM19 @ 7696.5
Jun-07 02:40:37:[96m WS[0m 25 order(s) canceled for XBTM19
Jun-07 09:11:35:[96m WS[0m 1 order(s) moved for XBTU19 
Jun-07 09:11:35:[96m WS[0m [33mExec [33m- [33mSell [33m544 [33mContracts [33mXBTU19 [33m@ [33m7686-> [0m
Jun-07 09:11:48:[96m WS[0m 1 order(s) created for XBTM19 
Jun-07 09:11:49:[96m WS[0m [33mExec [33m- [33mSell [33m55 [33mContracts [33mXBTM19 [33m@ [33m7891-> [0m
Jun-07 09:11:49:[96m WS[0m 1 order(s) canceled for XBTM19
Jun-07 09:14:23:[96m WS[0m 1 order(s) canceled for XBTUSD
Jun-07 09:25:48:[96m WS[0m 1 order(s) canceled for XBTU19
Jun-07 09:26:06:[96m WS[0m 25 order(s) created for XBTU19 
Jun-07 10:09:07:[96m WS[0m [33mExec [33m- [33mSell [33m4 [33mContracts [33mXBTU19 [33m@ [33m7982.5-> [0m
Jun-07 10:09:59:[96m WS[0m 6 order(s) created for XBTUSD 
Jun-07 10:09:59:[96m WS[0m 1 order(s) moved for XBTUSD 
Jun-07 10:09:59:[96m WS[0m [33mExec [33m- [33mSell [33m275 [33mContracts [33mXBTUSD [33m@ [33m7746-> [0m
Jun-07 10:10:07:[96m WS[0m 1 order(s) created for XBTUSD 
Jun-07 10:10:07:[96m WS[0m SL placed for XBTUSD @ 8001
Jun-07 10:10:07:[96m WS[0m 1 order(s) created for XBTUSD 
Jun-07 10:10:07:[96m WS[0m SL placed for XBTUSD @ 8001
Jun-07 10:13:35:[96m WS[0m [33mExec [33m- [33mSell [33m8 [33mContracts [33mXBTU19 [33m@ [33m7998-> [0m
Jun-07 10:13:56:[96m WS[0m [33mExec [33m- [33mSell [33m12 [33mContracts [33mXBTU19 [33m@ [33m8013-> [0m
Jun-07 10:13:59:[96m WS[0m 1 order(s) created for XBTUSD 
Jun-07 10:13:59:[96m WS[0m [33mSL [33mTriggered [33mfor [33mXBTUSD [33m@ [33m8001 [0m
Jun-07 10:13:59:[96m WS[0m [33mSL [33mTriggered [33mfor [33mXBTUSD [33m@ [33m8006 [0m
Jun-07 10:13:59:[96m WS[0m [33mExec [33m- [33mBuy [33m275 [33mContracts [33mXBTUSD [33m@ [33m8006-> [0m
Jun-07 10:13:59:[96m WS[0m 1 order(s) canceled for XBTUSD
Jun-07 10:13:59:[96m WS[0m [33mExec [33m- [33mSell [33m16 [33mContracts [33mXBTU19 [33m@ [33m8028-> [0m
Jun-07 10:14:36:[96m WS[0m 1 order(s) moved for XBTUSD 
Jun-07 10:14:36:[96m WS[0m [33mExec [33m- [33mSell [33m273 [33mContracts [33mXBTUSD [33m@ [33m7724.5-> [0m
Jun-07 10:14:46:[96m WS[0m 25 order(s) created for XBTUSD 
Jun-07 10:14:52:[96m WS[0m [33mExec [33m- [33mSell [33m3 [33mContracts [33mXBTUSD [33m@ [33m7976-> [0m
Jun-07 10:18:32:[96m WS[0m 24 order(s) moved for XBTUSD 
Jun-07 10:18:32:[96m WS[0m 1 order(s) created for XBTUSD 
Jun-07 10:20:29:[96m WS[0m 25 order(s) created for XBTM19 
Jun-07 10:22:49:[96m WS[0m [33mExec [33m- [33mSell [33m3 [33mContracts [33mXBTUSD [33m@ [33m7958.5-> [0m
Jun-07 11:05:12:[96m WS[0m [33mExec [33m- [33mSell [33m6 [33mContracts [33mXBTUSD [33m@ [33m7974.5-> [0m
Jun-07 11:08:23:[96m WS[0m [33mExec [33m- [33mSell [33m9 [33mContracts [33mXBTUSD [33m@ [33m7990.5-> [0m
Jun-07 11:08:30:[96m WS[0m [33mExec [33m- [33mSell [33m12 [33mContracts [33mXBTUSD [33m@ [33m8006-> [0m
Jun-07 11:11:23:[96m WS[0m [33mExec [33m- [33mSell [33m15 [33mContracts [33mXBTUSD [33m@ [33m8022-> [0m
Jun-07 11:11:26:[96m WS[0m [33mExec [33m- [33mSell [33m18 [33mContracts [33mXBTUSD [33m@ [33m8038.5-> [0m
Jun-07 11:11:39:[96m WS[0m [33mExec [33m- [33mSell [33m20 [33mContracts [33mXBTU19 [33m@ [33m8043.5-> [0m
Jun-07 11:48:26:[96m WS[0m 1 order(s) created for XBTUSD 
Jun-07 11:48:26:[96m WS[0m [33mExec [33m- [33mBuy [33m339 [33mContracts [33mXBTUSD [33m@ [33m7977-> [0m
Jun-07 11:48:26:[96m WS[0m 1 order(s) canceled for XBTUSD
Jun-07 11:48:46:[96m WS[0m 19 order(s) moved for XBTUSD 
Jun-07 11:48:47:[96m WS[0m 6 order(s) created for XBTUSD 
Jun-07 11:48:56:[96m WS[0m 28 order(s) canceled for XBTUSD
Jun-07 11:48:56:[96m WS[0m 1 order(s) moved for XBTUSD 
Jun-07 11:49:10:[96m WS[0m 25 order(s) created for XBTUSD 
Jun-07 12:05:29:[96m WS[0m 1 order(s) moved for XBTUSD 
Jun-07 12:05:29:[96m WS[0m [33mExec [33m- [33mSell [33m274 [33mContracts [33mXBTUSD [33m@ [33m7767.5-> [0m
Jun-07 12:05:36:[96m WS[0m 25 order(s) moved for XBTUSD 
Jun-07 12:17:14:[96m WS[0m 1 order(s) created for XBTUSD 
Jun-07 12:17:15:[96m WS[0m [33mExec [33m- [33mBuy [33m274 [33mContracts [33mXBTUSD [33m@ [33m7989.5-> [0m
Jun-07 12:17:15:[96m WS[0m 1 order(s) canceled for XBTUSD
Jun-07 13:28:05:[96m WS[0m 6 order(s) created for XBTUSD 
Jun-07 13:28:06:[96m WS[0m 1 order(s) moved for XBTUSD 
Jun-07 13:28:08:[96m WS[0m [33mExec [33m- [33mSell [33m273 [33mContracts [33mXBTUSD [33m@ [33m7746.5-> [0m
Jun-07 13:30:09:[96m WS[0m 1 order(s) created for XBTUSD 
Jun-07 13:30:09:[96m WS[0m [33mExec [33m- [33mBuy [33m273 [33mContracts [33mXBTUSD [33m@ [33m7981.5-> [0m
Jun-07 13:30:09:[96m WS[0m 1 order(s) canceled for XBTUSD
Jun-07 13:30:09:[96m WS[0m 30 order(s) canceled for XBTUSD
Jun-07 13:30:59:[96m WS[0m 25 order(s) moved for XBTM19 
Jun-07 13:35:06:[96m WS[0m 30 order(s) canceled for XBTM19
Jun-07 13:35:06:[96m WS[0m 1 order(s) moved for XBTM19 
Jun-07 13:35:29:[96m WS[0m 25 order(s) created for XBTM19 
Jun-07 13:36:51:[96m WS[0m 26 order(s) canceled for XBTM19
Jun-07 13:37:12:[96m WS[0m 20 order(s) moved for XBTU19 
Jun-07 13:37:13:[96m WS[0m 5 order(s) created for XBTU19 
Jun-07 19:40:13:[96m WS[0m 6 order(s) created for XBTUSD 
Jun-07 19:40:13:[96m WS[0m 1 order(s) moved for XBTUSD 
Jun-07 19:40:13:[96m WS[0m [33mExec [33m- [33mSell [33m414 [33mContracts [33mXBTUSD [33m@ [33m7853-> [0m
Jun-07 19:40:13:[96m WS[0m 25 order(s) created for XBTUSD 
Jun-07 19:45:13:[96m WS[0m [33mExec [33m- [33mSell [33m1 [33mContracts [33mXBTUSD [33m@ [33m8099.5-> [0m
Jun-07 19:45:27:[96m WS[0m [33mExec [33m- [33mSell [33m2 [33mContracts [33mXBTUSD [33m@ [33m8105.5-> [0m
Jun-07 19:45:28:[96m WS[0m [33mExec [33m- [33mSell [33m3 [33mContracts [33mXBTUSD [33m@ [33m8111-> [0m
Jun-07 20:00:59:[96m WS[0m 1 order(s) created for XBTUSD 
Jun-07 20:00:59:[96m WS[0m [33mExec [33m- [33mBuy [33m420 [33mContracts [33mXBTUSD [33m@ [33m8068.5-> [0m
Jun-07 20:00:59:[96m WS[0m 1 order(s) canceled for XBTUSD
Jun-07 20:26:21:[96m WS[0m 1 order(s) moved for XBTUSD 
Jun-07 20:26:21:[96m WS[0m [33mExec [33m- [33mSell [33m300 [33mContracts [33mXBTUSD [33m@ [33m7859-> [0m
Jun-07 20:29:19:[96m WS[0m 22 order(s) moved for XBTUSD 
Jun-07 20:29:19:[96m WS[0m 3 order(s) created for XBTUSD 
Jun-07 21:27:46:[96m WS[0m 1 order(s) created for XBTUSD 
Jun-07 21:27:46:[96m WS[0m [33mExec [33m- [33mBuy [33m300 [33mContracts [33mXBTUSD [33m@ [33m8090-> [0m
Jun-07 21:27:46:[96m WS[0m 1 order(s) canceled for XBTUSD
Jun-07 21:28:17:[96m WS[0m 25 order(s) moved for XBTUSD 
Jun-07 21:28:32:[96m WS[0m 1 order(s) created for XBTUSD 
Jun-08 02:16:15:[96m WS[0m 1 order(s) moved for XBTUSD 
Jun-08 02:16:15:[96m WS[0m [33mExec [33m- [33mSell [33m596 [33mContracts [33mXBTUSD [33m@ [33m7795.5-> [0m
Jun-08 02:33:15:[96m WS[0m 1 order(s) created for XBTUSD 
Jun-08 02:33:15:[96m WS[0m [33mExec [33m- [33mBuy [33m596 [33mContracts [33mXBTUSD [33m@ [33m8005-> [0m
Jun-08 02:33:16:[96m WS[0m 1 order(s) canceled for XBTUSD
Jun-08 03:29:51:[96m WS[0m 1 order(s) moved for XBTUSD 
Jun-08 03:29:54:[96m WS[0m [33mExec [33m- [33mSell [33m598 [33mContracts [33mXBTUSD [33m@ [33m7804-> [0m
Jun-08 11:24:11:[96m WS[0m 1 order(s) created for XBTUSD 
Jun-08 11:24:11:[96m WS[0m [33mExec [33m- [33mBuy [33m598 [33mContracts [33mXBTUSD [33m@ [33m7947.5-> [0m
Jun-08 11:24:11:[96m WS[0m 1 order(s) canceled for XBTUSD
Jun-08 11:54:33:[96m WS[0m 25 order(s) moved for XBTUSD 
Jun-08 11:55:24:[96m WS[0m 1 order(s) moved for XBTUSD 
Jun-08 11:55:24:[96m WS[0m Stop Loss moved for XBTUSD @ 29999
Jun-08 15:34:23:[96m WS[0m 27 order(s) canceled for XBTUSD
Jun-08 15:34:36:[96m WS[0m 1 order(s) created for XBTUSD 
Jun-08 15:34:59:[96m WS[0m 25 order(s) created for XBTUSD 
Jun-08 17:42:53:[96m WS[0m 7 order(s) created for XBTUSD 
Jun-08 17:42:53:[96m WS[0m 1 order(s) moved for XBTUSD 
Jun-08 17:42:54:[96m WS[0m [33mExec [33m- [33mBuy [33m666 [33mContracts [33mXBTUSD [33m@ [33m8157-> [0m
Jun-08 17:43:09:[96m WS[0m 25 order(s) created for XBTUSD 
Jun-08 17:44:24:[96m WS[0m [33mExec [33m- [33mBuy [33m1 [33mContracts [33mXBTUSD [33m@ [33m7913.5-> [0m
Jun-08 17:44:28:[96m WS[0m [33mExec [33m- [33mBuy [33m2 [33mContracts [33mXBTUSD [33m@ [33m7911.5-> [0m
Jun-08 18:30:35:[96m WS[0m [33mExec [33m- [33mBuy [33m3 [33mContracts [33mXBTUSD [33m@ [33m7909-> [0m
Jun-08 18:30:37:[96m WS[0m [33mExec [33m- [33mBuy [33m4 [33mContracts [33mXBTUSD [33m@ [33m7906.5-> [0m
Jun-08 18:30:38:[96m WS[0m [33mExec [33m- [33mBuy [33m5 [33mContracts [33mXBTUSD [33m@ [33m7904-> [0m
Jun-08 18:33:39:[96m WS[0m [33mExec [33m- [33mBuy [33m6 [33mContracts [33mXBTUSD [33m@ [33m7902-> [0m
Jun-08 18:33:51:[96m WS[0m [33mExec [33m- [33mBuy [33m7 [33mContracts [33mXBTUSD [33m@ [33m7899.5-> [0m
Jun-08 18:33:51:[96m WS[0m [33mExec [33m- [33mBuy [33m8 [33mContracts [33mXBTUSD [33m@ [33m7897-> [0m
Jun-08 18:33:52:[96m WS[0m [33mExec [33m- [33mBuy [33m9 [33mContracts [33mXBTUSD [33m@ [33m7895-> [0m
Jun-08 18:33:57:[96m WS[0m [33mExec [33m- [33mBuy [33m10 [33mContracts [33mXBTUSD [33m@ [33m7892.5-> [0m
Jun-08 18:34:03:[96m WS[0m [33mExec [33m- [33mBuy [33m11 [33mContracts [33mXBTUSD [33m@ [33m7890-> [0m
Jun-08 18:34:07:[96m WS[0m [33mExec [33m- [33mBuy [33m12 [33mContracts [33mXBTUSD [33m@ [33m7887.5-> [0m
Jun-08 18:34:10:[96m WS[0m [33mExec [33m- [33mBuy [33m15 [33mContracts [33mXBTUSD [33m@ [33m7880.5-> [0m
Jun-08 18:34:10:[96m WS[0m [33mExec [33m- [33mBuy [33m14 [33mContracts [33mXBTUSD [33m@ [33m7883-> [0m
Jun-08 18:34:10:[96m WS[0m [33mExec [33m- [33mBuy [33m13 [33mContracts [33mXBTUSD [33m@ [33m7885.5-> [0m
Jun-08 18:34:10:[96m WS[0m [33mExec [33m- [33mBuy [33m16 [33mContracts [33mXBTUSD [33m@ [33m7878-> [0m
Jun-08 18:34:10:[96m WS[0m [33mExec [33m- [33mBuy [33m17 [33mContracts [33mXBTUSD [33m@ [33m7876-> [0m
Jun-08 18:34:10:[96m WS[0m [33mExec [33m- [33mBuy [33m18 [33mContracts [33mXBTUSD [33m@ [33m7873.5-> [0m
Jun-08 18:34:10:[96m WS[0m [33mExec [33m- [33mBuy [33m19 [33mContracts [33mXBTUSD [33m@ [33m7871-> [0m
Jun-08 18:34:12:[96m WS[0m [33mExec [33m- [33mBuy [33m20 [33mContracts [33mXBTUSD [33m@ [33m7869-> [0m
Jun-08 18:34:13:[96m WS[0m [33mExec [33m- [33mBuy [33m21 [33mContracts [33mXBTUSD [33m@ [33m7866.5-> [0m
Jun-08 18:34:14:[96m WS[0m [33mExec [33m- [33mBuy [33m22 [33mContracts [33mXBTUSD [33m@ [33m7864-> [0m
Jun-08 19:38:21:[96m WS[0m [33mExec [33m- [33mBuy [33m25 [33mContracts [33mXBTUSD [33m@ [33m7857-> [0m
Jun-08 19:38:21:[96m WS[0m [33mExec [33m- [33mBuy [33m24 [33mContracts [33mXBTUSD [33m@ [33m7859.5-> [0m
Jun-08 19:38:21:[96m WS[0m [33mExec [33m- [33mBuy [33m23 [33mContracts [33mXBTUSD [33m@ [33m7861.5-> [0m
Jun-08 20:29:46:[96m WS[0m 7 order(s) created for XBTM19 
Jun-08 20:29:46:[96m WS[0m 1 order(s) moved for XBTM19 
Jun-08 20:29:47:[96m WS[0m [33mExec [33m- [33mBuy [33m676 [33mContracts [33mXBTM19 [33m@ [33m8010-> [0m
Jun-08 22:29:29:[96m WS[0m- XBTM19 TP New Limit Order : 676 Contracts @ 8000 
Jun-08 22:29:29:[96m WS[0m- XBTM19 TP Moved Limit Order : 676 Contracts @ 8000 
Jun-08 22:29:39:[96m WS[0m- XBTUSD TP New Limit Order : 991 Contracts @ 8000 
Jun-08 22:29:39:[96m WS[0m- XBTUSD TP Moved Limit Order : 991 Contracts @ 8000 
Jun-08 22:29:56:[96m WS[0m- XBTUSD TP Moved Limit Order : 991 Contracts @ 8150 
Jun-08 23:39:07:[96m WS[0m 1 order(s) canceled for XBTUSD
Jun-08 23:39:07:[96m WS[0m 1 order(s) created for XBTUSD 
Jun-08 23:39:08:[96m WS[0m [33mExec [33m- [33mSell [33m991 [33mContracts [33mXBTUSD [33m@ [33m7864.5-> [0m
Jun-08 23:39:08:[96m WS[0m 1 order(s) canceled for XBTUSD
Jun-08 23:39:08:[96m WS[0m 1 order(s) canceled for XBTM19
Jun-08 23:39:08:[96m WS[0m 1 order(s) created for XBTM19 
Jun-08 23:39:08:[96m WS[0m [33mExec [33m- [33mSell [33m676 [33mContracts [33mXBTM19 [33m@ [33m7826-> [0m
Jun-09 06:18:23:[96m WS[0m 1 order(s) created for XBTUSD 
Jun-09 06:18:23:[96m WS[0m 1 order(s) moved for XBTUSD 
Jun-09 06:18:24:[96m WS[0m [33mExec [33m- [33mBuy [33m294 [33mContracts [33mXBTUSD [33m@ [33m8112.5-> [0m
Jun-09 06:27:36:[96m WS[0m 1 order(s) created for XBTUSD 
Jun-09 06:27:36:[96m WS[0m SL placed for XBTUSD @ 7775
Jun-09 15:25:26:[96m WS[0m 1 order(s) created for XBTUSD 
Jun-09 15:25:26:[96m WS[0m [33mSL [33mTriggered [33mfor [33mXBTUSD [33m@ [33m7775 [0m
Jun-09 15:25:26:[96m WS[0m [33mSL [33mTriggered [33mfor [33mXBTUSD [33m@ [33m7781 [0m
Jun-09 15:25:26:[96m WS[0m [33mExec [33m- [33mSell [33m294 [33mContracts [33mXBTUSD [33m@ [33m7781-> [0m
Jun-09 15:33:19:[96m WS[0m 1 order(s) canceled for XBTM19
Jun-09 15:34:44:[96m WS[0m 1 order(s) created for XBTM19 
Jun-09 15:34:48:[96m WS[0m 1 order(s) moved for XBTM19 
Jun-09 15:34:48:[96m WS[0m [33mExec [33m- [33mBuy [33m296 [33mContracts [33mXBTM19 [33m@ [33m7938.5-> [0m
Jun-09 15:40:04:[96m WS[0m 1 order(s) created for XBTM19 
Jun-09 15:40:04:[96m WS[0m 1 order(s) moved for XBTM19 
Jun-09 15:40:04:[96m WS[0m [33mExec [33m- [33mBuy [33m574 [33mContracts [33mXBTM19 [33m@ [33m7957.5-> [0m
Jun-09 15:43:06:[96m WS[0m 25 order(s) created for XBTM19 
Jun-09 15:43:29:[96m WS[0m [33mExec [33m- [33mBuy [33m4 [33mContracts [33mXBTM19 [33m@ [33m7683-> [0m
Jun-09 15:43:29:[96m WS[0m [33mExec [33m- [33mBuy [33m2 [33mContracts [33mXBTM19 [33m@ [33m7698-> [0m
Jun-09 15:43:29:[96m WS[0m [33mExec [33m- [33mBuy [33m6 [33mContracts [33mXBTM19 [33m@ [33m7667.5-> [0m
Jun-09 16:27:31:[96m WS[0m 1 order(s) created for XBTM19 
Jun-09 16:27:31:[96m WS[0m [33mExec [33m- [33mSell [33m882 [33mContracts [33mXBTM19 [33m@ [33m7736.5-> [0m
Jun-09 16:27:32:[96m WS[0m 1 order(s) canceled for XBTM19
Jun-09 16:27:59:[96m WS[0m 1 order(s) created for XBTM19 
Jun-09 16:27:59:[96m WS[0m 1 order(s) moved for XBTM19 
Jun-09 16:27:59:[96m WS[0m [33mExec [33m- [33mBuy [33m206 [33mContracts [33mXBTM19 [33m@ [33m7965.5-> [0m
Jun-09 16:27:59:[96m WS[0m 22 order(s) moved for XBTM19 
Jun-09 16:27:59:[96m WS[0m 3 order(s) created for XBTM19 
Jun-09 16:37:59:[96m WS[0m [33mExec [33m- [33mBuy [33m4 [33mContracts [33mXBTM19 [33m@ [33m7712-> [0m
Jun-09 16:38:02:[96m WS[0m [33mExec [33m- [33mBuy [33m8 [33mContracts [33mXBTM19 [33m@ [33m7696.5-> [0m
Jun-09 16:43:45:[96m WS[0m [33mExec [33m- [33mBuy [33m12 [33mContracts [33mXBTM19 [33m@ [33m7681.5-> [0m
Jun-09 17:07:25:[96m WS[0m [33mExec [33m- [33mBuy [33m16 [33mContracts [33mXBTM19 [33m@ [33m7666-> [0m
Jun-09 18:48:24:[96m WS[0m 1 order(s) created for XBTU19 
Jun-09 18:48:24:[96m WS[0m [33mExec [33m- [33mBuy [33m604 [33mContracts [33mXBTU19 [33m@ [33m7695.5-> [0m
Jun-09 18:48:26:[96m WS[0m 1 order(s) canceled for XBTU19
Jun-09 18:48:41:[96m WS[0m 1 order(s) created for XBTUSD 
Jun-09 18:48:41:[96m WS[0m 1 order(s) moved for XBTUSD 
Jun-09 18:48:41:[96m WS[0m [33mExec [33m- [33mBuy [33m592 [33mContracts [33mXBTUSD [33m@ [33m7973-> [0m
Jun-09 18:49:09:[96m WS[0m 1 order(s) created for XBTUSD 
Jun-09 18:49:09:[96m WS[0m SL placed for XBTUSD @ 7670
Jun-09 18:49:10:[96m WS[0m 1 order(s) created for XBTUSD 
Jun-09 18:49:10:[96m WS[0m SL placed for XBTUSD @ 7670
Jun-09 19:06:10:[96m WS[0m 1 order(s) created for XBTUSD 
Jun-09 19:06:10:[96m WS[0m [33mSL [33mTriggered [33mfor [33mXBTUSD [33m@ [33m7670 [0m
Jun-09 19:06:10:[96m WS[0m [33mSL [33mTriggered [33mfor [33mXBTUSD [33m@ [33m7670.5 [0m
Jun-09 19:06:10:[96m WS[0m [33mExec [33m- [33mSell [33m592 [33mContracts [33mXBTUSD [33m@ [33m7670.5-> [0m
Jun-09 19:06:10:[96m WS[0m 1 order(s) canceled for XBTUSD
Jun-09 19:06:12:[96m WS[0m [33mExec [33m- [33mBuy [33m20 [33mContracts [33mXBTM19 [33m@ [33m7650.5-> [0m
Jun-09 19:06:14:[96m WS[0m [33mExec [33m- [33mBuy [33m24 [33mContracts [33mXBTM19 [33m@ [33m7635.5-> [0m
Jun-09 19:26:01:[96m WS[0m 1 order(s) created for XBTUSD 
Jun-09 19:26:01:[96m WS[0m 1 order(s) moved for XBTUSD 
Jun-09 19:26:01:[96m WS[0m [33mExec [33m- [33mBuy [33m582 [33mContracts [33mXBTUSD [33m@ [33m7918.5-> [0m
Jun-09 19:26:03:[96m WS[0m 25 order(s) created for XBTUSD 
Jun-09 19:26:46:[96m WS[0m 25 order(s) moved for XBTUSD 
Jun-09 19:29:02:[96m WS[0m [33mExec [33m- [33mBuy [33m4 [33mContracts [33mXBTUSD [33m@ [33m7677-> [0m
Jun-09 19:29:10:[96m WS[0m [33mExec [33m- [33mBuy [33m8 [33mContracts [33mXBTUSD [33m@ [33m7668.5-> [0m
Jun-09 19:31:11:[96m WS[0m [33mExec [33m- [33mBuy [33m12 [33mContracts [33mXBTUSD [33m@ [33m7660.5-> [0m
Jun-09 19:31:12:[96m WS[0m [33mExec [33m- [33mBuy [33m16 [33mContracts [33mXBTUSD [33m@ [33m7652-> [0m
Jun-09 19:31:13:[96m WS[0m [33mExec [33m- [33mBuy [33m20 [33mContracts [33mXBTUSD [33m@ [33m7643.5-> [0m
Jun-09 19:31:24:[96m WS[0m [33mExec [33m- [33mBuy [33m24 [33mContracts [33mXBTUSD [33m@ [33m7635-> [0m
Jun-09 19:31:26:[96m WS[0m [33mExec [33m- [33mBuy [33m28 [33mContracts [33mXBTM19 [33m@ [33m7620-> [0m
Jun-09 19:32:32:[96m WS[0m [33mExec [33m- [33mBuy [33m32 [33mContracts [33mXBTM19 [33m@ [33m7605-> [0m
Jun-09 19:32:35:[96m WS[0m [33mExec [33m- [33mBuy [33m28 [33mContracts [33mXBTUSD [33m@ [33m7626.5-> [0m
Jun-09 19:32:43:[96m WS[0m [33mExec [33m- [33mBuy [33m36 [33mContracts [33mXBTM19 [33m@ [33m7590-> [0m
Jun-09 19:32:47:[96m WS[0m [33mExec [33m- [33mBuy [33m32 [33mContracts [33mXBTUSD [33m@ [33m7618.5-> [0m
Jun-09 19:43:10:[96m WS[0m [33mExec [33m- [33mBuy [33m36 [33mContracts [33mXBTUSD [33m@ [33m7610-> [0m
Jun-09 19:43:20:[96m WS[0m [33mExec [33m- [33mBuy [33m40 [33mContracts [33mXBTUSD [33m@ [33m7601.5-> [0m
Jun-09 19:43:26:[96m WS[0m [33mExec [33m- [33mBuy [33m40 [33mContracts [33mXBTM19 [33m@ [33m7574.5-> [0m
Jun-09 19:49:21:[96m WS[0m [33mExec [33m- [33mBuy [33m44 [33mContracts [33mXBTUSD [33m@ [33m7593-> [0m
Jun-09 20:47:07:[96m WS[0m [33mExec [33m- [33mBuy [33m44 [33mContracts [33mXBTM19 [33m@ [33m7559.5-> [0m
Jun-09 21:26:58:[96m WS[0m 1 order(s) created for XBTUSD 
Jun-09 21:26:58:[96m WS[0m [33mExec [33m- [33mSell [33m846 [33mContracts [33mXBTUSD [33m@ [33m7686-> [0m
Jun-09 22:43:11:[96m WS[0m 1 order(s) created for XBTM19 
Jun-09 22:43:11:[96m WS[0m [33mExec [33m- [33mSell [33m470 [33mContracts [33mXBTM19 [33m@ [33m7703.5-> [0m
Jun-09 22:43:19:[96m WS[0m 46 order(s) canceled for XBTUSD
Jun-09 22:43:49:[96m WS[0m 14 order(s) moved for XBTM19 
Jun-09 22:43:49:[96m WS[0m 11 order(s) created for XBTM19 
Jun-09 22:48:11:[96m WS[0m 6 order(s) created for XBTUSD 
Jun-09 22:48:12:[96m WS[0m 1 order(s) moved for XBTUSD 
Jun-09 22:48:12:[96m WS[0m [33mExec [33m- [33mSell [33m885 [33mContracts [33mXBTUSD [33m@ [33m7514-> [0m
Jun-09 22:48:46:[96m WS[0m- XBTUSD TP New Limit Order : 885 Contracts @ 7521 
Jun-09 22:48:47:[96m WS[0m- XBTUSD TP Moved Limit Order : 885 Contracts @ 7521 
Jun-09 22:48:56:[96m WS[0m- XBTUSD TP Moved Limit Order : 885 Contracts @ 7622 
Jun-09 22:49:12:[96m WS[0m 25 order(s) created for XBTUSD 
Jun-09 23:09:02:[96m WS[0m [33mExec [33m- [33mBuy [33m7 [33mContracts [33mXBTM19 [33m@ [33m7692-> [0m
Jun-09 23:15:10:[96m WS[0m 1 order(s) canceled for XBTUSD
Jun-09 23:15:10:[96m WS[0m 1 order(s) created for XBTUSD 
Jun-09 23:15:10:[96m WS[0m [33mExec [33m- [33mBuy [33m885 [33mContracts [33mXBTUSD [33m@ [33m7721.5-> [0m
Jun-09 23:15:10:[96m WS[0m 1 order(s) canceled for XBTUSD
Jun-09 23:23:07:[96m WS[0m [33mExec [33m- [33mBuy [33m14 [33mContracts [33mXBTM19 [33m@ [33m7680.5-> [0m
Jun-09 23:23:29:[96m WS[0m [33mExec [33m- [33mBuy [33m21 [33mContracts [33mXBTM19 [33m@ [33m7669-> [0m
Jun-10 00:11:01:[96m WS[0m 1 order(s) created for XBTM19 
Jun-10 00:11:02:[96m WS[0m 1 order(s) moved for XBTM19 
Jun-10 00:11:02:[96m WS[0m [33mExec [33m- [33mBuy [33m544 [33mContracts [33mXBTM19 [33m@ [33m7922-> [0m
Jun-10 00:27:36:[96m WS[0m [33mExec [33m- [33mBuy [33m28 [33mContracts [33mXBTM19 [33m@ [33m7657.5-> [0m
Jun-10 00:28:22:[96m WS[0m [33mExec [33m- [33mBuy [33m35 [33mContracts [33mXBTM19 [33m@ [33m7646-> [0m
Jun-10 00:36:11:[96m WS[0m [33mExec [33m- [33mBuy [33m42 [33mContracts [33mXBTM19 [33m@ [33m7634.5-> [0m
Jun-10 00:37:11:[96m WS[0m [33mExec [33m- [33mBuy [33m49 [33mContracts [33mXBTM19 [33m@ [33m7623-> [0m
Jun-10 00:38:49:[96m WS[0m [33mExec [33m- [33mBuy [33m56 [33mContracts [33mXBTM19 [33m@ [33m7612-> [0m
Jun-10 00:40:03:[96m WS[0m [33mExec [33m- [33mBuy [33m63 [33mContracts [33mXBTM19 [33m@ [33m7600.5-> [0m
Jun-10 00:47:48:[96m WS[0m [33mExec [33m- [33mBuy [33m70 [33mContracts [33mXBTM19 [33m@ [33m7589-> [0m
Jun-10 01:00:07:[96m WS[0m [33mExec [33m- [33mBuy [33m7 [33mContracts [33mXBTUSD [33m@ [33m7615-> [0m
Jun-10 01:06:54:[96m WS[0m [33mExec [33m- [33mBuy [33m14 [33mContracts [33mXBTUSD [33m@ [33m7610-> [0m
Jun-10 01:07:02:[96m WS[0m [33mExec [33m- [33mBuy [33m77 [33mContracts [33mXBTM19 [33m@ [33m7577.5-> [0m
Jun-10 01:07:05:[96m WS[0m [33mExec [33m- [33mBuy [33m21 [33mContracts [33mXBTUSD [33m@ [33m7604.5-> [0m
Jun-10 01:07:10:[96m WS[0m [33mExec [33m- [33mBuy [33m28 [33mContracts [33mXBTUSD [33m@ [33m7599-> [0m
Jun-10 01:07:10:[96m WS[0m [33mExec [33m- [33mBuy [33m35 [33mContracts [33mXBTUSD [33m@ [33m7594-> [0m
Jun-10 01:07:11:[96m WS[0m [33mExec [33m- [33mBuy [33m42 [33mContracts [33mXBTUSD [33m@ [33m7588.5-> [0m
Jun-10 01:07:11:[96m WS[0m [33mExec [33m- [33mBuy [33m49 [33mContracts [33mXBTUSD [33m@ [33m7583.5-> [0m
Jun-10 01:07:14:[96m WS[0m [33mExec [33m- [33mBuy [33m84 [33mContracts [33mXBTM19 [33m@ [33m7566.5-> [0m
Jun-10 01:07:15:[96m WS[0m [33mExec [33m- [33mBuy [33m56 [33mContracts [33mXBTUSD [33m@ [33m7578-> [0m
Jun-10 01:07:19:[96m WS[0m [33mExec [33m- [33mBuy [33m63 [33mContracts [33mXBTUSD [33m@ [33m7572.5-> [0m
Jun-10 01:07:21:[96m WS[0m [33mExec [33m- [33mBuy [33m91 [33mContracts [33mXBTM19 [33m@ [33m7555-> [0m
Jun-10 01:07:21:[96m WS[0m [33mExec [33m- [33mBuy [33m70 [33mContracts [33mXBTUSD [33m@ [33m7567.5-> [0m
Jun-10 01:07:21:[96m WS[0m [33mExec [33m- [33mBuy [33m77 [33mContracts [33mXBTUSD [33m@ [33m7562-> [0m
Jun-10 01:07:21:[96m WS[0m [33mExec [33m- [33mBuy [33m84 [33mContracts [33mXBTUSD [33m@ [33m7557-> [0m
Jun-10 01:07:29:[96m WS[0m [33mExec [33m- [33mBuy [33m98 [33mContracts [33mXBTM19 [33m@ [33m7543.5-> [0m
Jun-10 01:07:29:[96m WS[0m [33mExec [33m- [33mBuy [33m105 [33mContracts [33mXBTM19 [33m@ [33m7532.5-> [0m
Jun-10 01:07:29:[96m WS[0m [33mExec [33m- [33mBuy [33m91 [33mContracts [33mXBTUSD [33m@ [33m7551.5-> [0m
Jun-10 01:07:34:[96m WS[0m [33mExec [33m- [33mBuy [33m112 [33mContracts [33mXBTM19 [33m@ [33m7521-> [0m
Jun-10 01:07:35:[96m WS[0m [33mExec [33m- [33mBuy [33m119 [33mContracts [33mXBTM19 [33m@ [33m7510-> [0m
Jun-10 01:07:36:[96m WS[0m [33mExec [33m- [33mBuy [33m98 [33mContracts [33mXBTUSD [33m@ [33m7546-> [0m
Jun-10 01:07:36:[96m WS[0m [33mExec [33m- [33mBuy [33m105 [33mContracts [33mXBTUSD [33m@ [33m7541-> [0m
Jun-10 01:12:24:[96m WS[0m [33mExec [33m- [33mBuy [33m112 [33mContracts [33mXBTUSD [33m@ [33m7535.5-> [0m
Jun-10 01:27:03:[96m WS[0m [33mExec [33m- [33mBuy [33m119 [33mContracts [33mXBTUSD [33m@ [33m7530.5-> [0m
Jun-10 01:27:04:[96m WS[0m [33mExec [33m- [33mBuy [33m126 [33mContracts [33mXBTUSD [33m@ [33m7525-> [0m
Jun-10 01:27:08:[96m WS[0m [33mExec [33m- [33mBuy [33m133 [33mContracts [33mXBTUSD [33m@ [33m7520-> [0m
Jun-10 01:27:15:[96m WS[0m [33mExec [33m- [33mBuy [33m140 [33mContracts [33mXBTUSD [33m@ [33m7514.5-> [0m
Jun-10 01:27:15:[96m WS[0m [33mExec [33m- [33mBuy [33m126 [33mContracts [33mXBTM19 [33m@ [33m7498.5-> [0m
Jun-10 01:27:34:[96m WS[0m [33mExec [33m- [33mBuy [33m133 [33mContracts [33mXBTM19 [33m@ [33m7487.5-> [0m
Jun-10 01:28:49:[96m WS[0m [33mExec [33m- [33mBuy [33m147 [33mContracts [33mXBTUSD [33m@ [33m7509.5-> [0m
Jun-10 01:28:50:[96m WS[0m [33mExec [33m- [33mBuy [33m154 [33mContracts [33mXBTUSD [33m@ [33m7504-> [0m
Jun-10 01:30:35:[96m WS[0m [33mExec [33m- [33mBuy [33m140 [33mContracts [33mXBTM19 [33m@ [33m7476-> [0m
Jun-10 09:18:26:[96m WS[0m 1 order(s) created for XBTM19 
Jun-10 09:18:26:[96m WS[0m SL placed for XBTM19 @ 7591.5
Jun-10 09:18:27:[96m WS[0m 5 order(s) canceled for XBTM19
Jun-10 09:37:21:[96m WS[0m 1 order(s) created for XBTUSD 
Jun-10 09:37:21:[96m WS[0m [33mExec [33m- [33mSell [33m1771 [33mContracts [33mXBTUSD [33m@ [33m7719-> [0m
Jun-10 09:37:22:[96m WS[0m 1 order(s) canceled for XBTUSD
Jun-10 09:52:22:[96m WS[0m 1 order(s) created for XBTM19 
Jun-10 09:52:23:[96m WS[0m [33mExec [33m- [33mSell [33m2014 [33mContracts [33mXBTM19 [33m@ [33m7671-> [0m
Jun-10 09:52:24:[96m WS[0m 1 order(s) canceled for XBTM19
Jun-10 09:53:06:[96m WS[0m 49 order(s) canceled for ETHUSD
Jun-10 10:30:07:[96m WS[0m 8 order(s) canceled for XBTUSD
Jun-10 10:30:12:[96m WS[0m 6 order(s) canceled for XBTM19
Jun-10 10:30:24:[96m WS[0m 25 order(s) canceled for XBTU19
Jun-10 10:30:48:[96m WS[0m 25 order(s) created for XBTU19 
Jun-10 10:43:14:[96m WS[0m 6 order(s) created for XBTUSD 
Jun-10 10:43:14:[96m WS[0m 1 order(s) moved for XBTUSD 
Jun-10 10:43:14:[96m WS[0m [33mExec [33m- [33mSell [33m979 [33mContracts [33mXBTUSD [33m@ [33m7506.5-> [0m
Jun-10 10:43:32:[96m WS[0m 1 order(s) created for XBTUSD 
Jun-10 10:43:32:[96m WS[0m SL placed for XBTUSD @ 7761
Jun-10 10:43:32:[96m WS[0m 1 order(s) created for XBTUSD 
Jun-10 10:43:32:[96m WS[0m SL placed for XBTUSD @ 7761
Jun-10 10:45:09:[96m WS[0m 2 order(s) moved for XBTUSD 
Jun-10 10:45:09:[96m WS[0m Stop Loss moved for XBTUSD @ 8200
Jun-10 10:45:09:[96m WS[0m 1 order(s) canceled for XBTUSD
Jun-10 10:45:19:[96m WS[0m 25 order(s) created for XBTUSD 
Jun-10 11:00:12:[96m WS[0m 1 order(s) created for XBTUSD 
Jun-10 11:00:12:[96m WS[0m [33mExec [33m- [33mBuy [33m979 [33mContracts [33mXBTUSD [33m@ [33m7713.5-> [0m
Jun-10 11:00:15:[96m WS[0m 1 order(s) canceled for XBTUSD
Jun-10 11:00:57:[96m WS[0m 25 order(s) moved for XBTUSD 
Jun-10 11:11:07:[96m WS[0m 1 order(s) moved for XBTUSD 
Jun-10 11:11:07:[96m WS[0m [33mExec [33m- [33mSell [33m326 [33mContracts [33mXBTUSD [33m@ [33m7501-> [0m
Jun-10 11:12:20:[96m WS[0m 25 order(s) created for XBTUSD 
Jun-10 11:56:52:[96m WS[0m 1 order(s) created for XBTUSD 
Jun-10 11:56:52:[96m WS[0m [33mExec [33m- [33mBuy [33m326 [33mContracts [33mXBTUSD [33m@ [33m7716.5-> [0m
Jun-10 11:56:52:[96m WS[0m 1 order(s) canceled for XBTUSD
Jun-10 12:06:31:[96m WS[0m 1 order(s) moved for XBTUSD 
Jun-10 12:06:31:[96m WS[0m Stop Loss moved for XBTUSD @ 9999
Jun-10 12:10:14:[96m WS[0m 1 order(s) created for XBTU19 
Jun-10 12:10:14:[96m WS[0m SL placed for XBTU19 @ 7000
Jun-10 12:10:39:[96m WS[0m 1 order(s) moved for XBTM19 
Jun-10 12:10:39:[96m WS[0m Stop Loss moved for XBTM19 @ 6999
Jun-10 12:10:56:[96m WS[0m 25 order(s) created for XBTM19 
Jun-10 12:37:16:[96m WS[0m 1 order(s) moved for XBTUSD 
Jun-10 12:37:16:[96m WS[0m [33mExec [33m- [33mSell [33m326 [33mContracts [33mXBTUSD [33m@ [33m7502.5-> [0m
Jun-10 12:51:38:[96m WS[0m 1 order(s) created for XBTUSD 
Jun-10 12:51:38:[96m WS[0m [33mExec [33m- [33mBuy [33m326 [33mContracts [33mXBTUSD [33m@ [33m7714.5-> [0m
Jun-10 12:51:38:[96m WS[0m 1 order(s) canceled for XBTUSD
Jun-10 12:52:04:[96m WS[0m 53 order(s) canceled for XBTUSD
Jun-10 12:53:12:[96m WS[0m 25 order(s) created for XBTUSD 
Jun-10 13:11:07:[96m WS[0m 25 order(s) canceled for XBTUSD
Jun-10 13:11:48:[96m WS[0m [33mExec [33m- [33mBuy [33m5 [33mContracts [33mXBTM19 [33m@ [33m7663.5-> [0m
Jun-10 13:14:11:[96m WS[0m 7 order(s) created for XBTUSD 
Jun-10 13:14:12:[96m WS[0m 1 order(s) moved for XBTUSD 
Jun-10 13:14:12:[96m WS[0m [33mExec [33m- [33mBuy [33m649 [33mContracts [33mXBTUSD [33m@ [33m7914.5-> [0m
Jun-10 13:14:18:[96m WS[0m 25 order(s) created for XBTUSD 
Jun-10 13:14:19:[96m WS[0m [33mExec [33m- [33mBuy [33m5 [33mContracts [33mXBTUSD [33m@ [33m7675-> [0m
Jun-10 13:17:18:[96m WS[0m [33mExec [33m- [33mBuy [33m10 [33mContracts [33mXBTUSD [33m@ [33m7670-> [0m
Jun-10 13:18:53:[96m WS[0m 7 order(s) created for XBTM19 
Jun-10 13:18:53:[96m WS[0m 1 order(s) moved for XBTM19 
Jun-10 13:18:53:[96m WS[0m [33mExec [33m- [33mBuy [33m318 [33mContracts [33mXBTM19 [33m@ [33m7879.5-> [0m
Jun-10 13:19:40:[96m WS[0m [33mExec [33m- [33mBuy [33m10 [33mContracts [33mXBTM19 [33m@ [33m7642.5-> [0m
Jun-10 13:20:53:[96m WS[0m [33mExec [33m- [33mBuy [33m15 [33mContracts [33mXBTUSD [33m@ [33m7664.5-> [0m
Jun-10 13:21:00:[96m WS[0m [33mExec [33m- [33mBuy [33m20 [33mContracts [33mXBTUSD [33m@ [33m7659-> [0m
Jun-10 13:21:02:[96m WS[0m [33mExec [33m- [33mBuy [33m25 [33mContracts [33mXBTUSD [33m@ [33m7654-> [0m
Jun-10 13:21:05:[96m WS[0m [33mExec [33m- [33mBuy [33m30 [33mContracts [33mXBTUSD [33m@ [33m7648.5-> [0m
Jun-10 13:21:10:[96m WS[0m [33mExec [33m- [33mBuy [33m15 [33mContracts [33mXBTM19 [33m@ [33m7621-> [0m
Jun-10 14:01:06:[96m WS[0m [33mExec [33m- [33mBuy [33m35 [33mContracts [33mXBTUSD [33m@ [33m7643-> [0m
Jun-10 14:02:06:[96m WS[0m [33mExec [33m- [33mBuy [33m40 [33mContracts [33mXBTUSD [33m@ [33m7637.5-> [0m
Jun-10 14:02:06:[96m WS[0m [33mExec [33m- [33mBuy [33m45 [33mContracts [33mXBTUSD [33m@ [33m7632.5-> [0m
Jun-10 14:03:03:[96m WS[0m [33mExec [33m- [33mBuy [33m20 [33mContracts [33mXBTM19 [33m@ [33m7599.5-> [0m
Jun-10 14:26:02:[96m WS[0m 1 order(s) created for XBTUSD 
Jun-10 14:26:02:[96m WS[0m [33mExec [33m- [33mSell [33m874 [33mContracts [33mXBTUSD [33m@ [33m7723-> [0m
Jun-10 14:26:03:[96m WS[0m 1 order(s) canceled for XBTUSD
Jun-10 14:26:05:[96m WS[0m 1 order(s) created for XBTUSD 
Jun-10 14:26:05:[96m WS[0m SL placed for XBTUSD @ 0
Jun-10 14:26:05:[96m WS[0m 16 order(s) canceled for XBTUSD
Jun-10 14:26:34:[96m WS[0m 25 order(s) created for XBTUSD 
Jun-10 14:27:35:[96m WS[0m 1 order(s) canceled for XBTM19
Jun-10 14:27:40:[96m WS[0m 1 order(s) created for XBTM19 
Jun-10 14:27:40:[96m WS[0m SL placed for XBTM19 @ 7652
Jun-10 14:27:44:[96m WS[0m 21 order(s) canceled for XBTM19
Jun-10 14:28:34:[96m WS[0m 31 order(s) canceled for XBTUSD
Jun-10 14:32:12:[96m WS[0m 6 order(s) created for XBTUSD 
Jun-10 14:32:14:[96m WS[0m 1 order(s) moved for XBTUSD 
Jun-10 14:32:14:[96m WS[0m [33mExec [33m- [33mSell [33m1336 [33mContracts [33mXBTUSD [33m@ [33m7614-> [0m
Jun-10 14:32:21:[96m WS[0m 25 order(s) created for XBTUSD 
Jun-10 14:33:18:[96m WS[0m [33mExec [33m- [33mSell [33m6 [33mContracts [33mXBTUSD [33m@ [33m7864-> [0m
Jun-10 14:33:32:[96m WS[0m [33mExec [33m- [33mSell [33m18 [33mContracts [33mXBTUSD [33m@ [33m7877-> [0m
Jun-10 14:33:32:[96m WS[0m [33mExec [33m- [33mSell [33m12 [33mContracts [33mXBTUSD [33m@ [33m7870.5-> [0m
Jun-10 14:33:36:[96m WS[0m [33mExec [33m- [33mSell [33m24 [33mContracts [33mXBTUSD [33m@ [33m7883-> [0m
Jun-10 14:33:38:[96m WS[0m [33mExec [33m- [33mSell [33m30 [33mContracts [33mXBTUSD [33m@ [33m7889.5-> [0m
Jun-10 14:33:41:[96m WS[0m [33mExec [33m- [33mSell [33m36 [33mContracts [33mXBTUSD [33m@ [33m7895.5-> [0m
Jun-10 14:33:45:[96m WS[0m 1 order(s) created for XBTM19 
Jun-10 14:33:45:[96m WS[0m [33mExec [33m- [33mSell [33m368 [33mContracts [33mXBTM19 [33m@ [33m7856-> [0m
Jun-10 14:33:46:[96m WS[0m 1 order(s) canceled for XBTM19
Jun-10 14:33:56:[96m WS[0m [33mExec [33m- [33mSell [33m42 [33mContracts [33mXBTUSD [33m@ [33m7902-> [0m
Jun-10 14:33:56:[96m WS[0m [33mExec [33m- [33mSell [33m8 [33mContracts [33mXBTUSD [33m@ [33m7908.5-> [0m
Jun-10 14:33:57:[96m WS[0m [33mExec [33m- [33mSell [33m40 [33mContracts [33mXBTUSD [33m@ [33m7908.5-> [0m
Jun-10 14:34:00:[96m WS[0m [33mExec [33m- [33mSell [33m54 [33mContracts [33mXBTUSD [33m@ [33m7914.5-> [0m
Jun-10 14:34:02:[96m WS[0m [33mExec [33m- [33mSell [33m60 [33mContracts [33mXBTUSD [33m@ [33m7921-> [0m
Jun-10 14:34:07:[96m WS[0m [33mExec [33m- [33mSell [33m66 [33mContracts [33mXBTUSD [33m@ [33m7927.5-> [0m
Jun-10 14:34:07:[96m WS[0m [33mExec [33m- [33mSell [33m72 [33mContracts [33mXBTUSD [33m@ [33m7933.5-> [0m
Jun-10 14:34:16:[96m WS[0m [33mExec [33m- [33mSell [33m78 [33mContracts [33mXBTUSD [33m@ [33m7940-> [0m
Jun-10 14:34:16:[96m WS[0m [33mExec [33m- [33mSell [33m84 [33mContracts [33mXBTUSD [33m@ [33m7946.5-> [0m
Jun-10 14:34:16:[96m WS[0m [33mExec [33m- [33mSell [33m96 [33mContracts [33mXBTUSD [33m@ [33m7959-> [0m
Jun-10 14:34:16:[96m WS[0m [33mExec [33m- [33mSell [33m90 [33mContracts [33mXBTUSD [33m@ [33m7952.5-> [0m
Jun-10 14:34:17:[96m WS[0m [33mExec [33m- [33mSell [33m102 [33mContracts [33mXBTUSD [33m@ [33m7965.5-> [0m
Jun-10 14:34:20:[96m WS[0m [33mExec [33m- [33mSell [33m108 [33mContracts [33mXBTUSD [33m@ [33m7972-> [0m
Jun-10 14:34:21:[96m WS[0m [33mExec [33m- [33mSell [33m114 [33mContracts [33mXBTUSD [33m@ [33m7978-> [0m
Jun-10 14:34:21:[96m WS[0m [33mExec [33m- [33mSell [33m120 [33mContracts [33mXBTUSD [33m@ [33m7984.5-> [0m
Jun-10 14:34:25:[96m WS[0m [33mExec [33m- [33mSell [33m126 [33mContracts [33mXBTUSD [33m@ [33m7991-> [0m
Jun-10 14:34:27:[96m WS[0m [33mExec [33m- [33mSell [33m132 [33mContracts [33mXBTUSD [33m@ [33m7997.5-> [0m
Jun-10 14:34:27:[96m WS[0m 8 order(s) canceled for XBTUSD
Jun-10 14:34:55:[96m WS[0m 6 order(s) created for XBTU19 
Jun-10 14:34:58:[96m WS[0m 1 order(s) moved for XBTU19 
Jun-10 14:34:58:[96m WS[0m [33mExec [33m- [33mSell [33m684 [33mContracts [33mXBTU19 [33m@ [33m7710-> [0m
Jun-10 14:35:15:[96m WS[0m- XBTUSD TP New Limit Order : 2854 Contracts @ 7850 
Jun-10 14:35:19:[96m WS[0m 1 order(s) canceled for XBTUSD
Jun-10 14:37:26:[96m WS[0m 25 order(s) created for XBTUSD 
Jun-10 15:58:29:[33m=== Exit stdout Flush ===[0m
Jun-10 15:58:29:[33mNone[0m
Jun-10 15:58:31:Log located in /home/slym/PycharmProjects/MEXBOT/Cython/Core/AuxAKkDf1I4AH0r0hUXfuYH03pi.log
   
 |   Alpha Public version ; expires 07.07.2019. Updates will follow !                              |
 [33m|   Disclaimer : You assume all risks and responsibilities by using this software's beta          |[0m
 [33m|                version ! It may contain bugs...                                                 |[0m
 |   If you enjoy this script consider opening an account under my ref. link and enjoy a 6         |
 |   months 10% trading fee rebate: https://www.bitmex.com/register/sWN0ys                         |
 |   ( Some additional features will be added for referred accounts )                              |
 |                        Thank you !                         [96mTwitter @slym85[0m / [95mTelegram @JohnN_N[0m  |
 |                                                               https://github.com/John-NN/MexUI  |
   
Jun-10 15:58:32:[96m WS[0m Connecting... V.1.3b 
Jun-10 15:58:33: Commission Check: Fee is 0.675% Taker ; [92mAccount Ref OK[0m
Jun-10 15:58:36:[96m WS[0m Connecting... V.1.3b 
Jun-10 15:58:38:[96m WS[0m Subscribed to 41 strings in total 
Jun-10 16:48:19:[96m WS[0m 1 order(s) created for XBTU19 
Jun-10 16:48:19:[96m WS[0m [33mExec [33m- [33mBuy [33m684 [33mContracts [33mXBTU19 [33m@ [33m7919.5-> [0m
Jun-10 16:48:19:[96m WS[0m 1 order(s) canceled for XBTU19
Jun-10 16:48:26:[96m WS[0m 1 order(s) canceled for XBTUSD
Jun-10 16:48:26:[96m WS[0m 1 order(s) created for XBTUSD 
Jun-10 16:48:26:[96m WS[0m [33mExec [33m- [33mBuy [33m2854 [33mContracts [33mXBTUSD [33m@ [33m7940-> [0m
Jun-10 16:48:26:[96m WS[0m 1 order(s) canceled for XBTUSD
Jun-10 16:48:45:[96m WS[0m 25 order(s) created for XBTUSD 
Jun-10 16:49:28:[96m WS[0m 24 order(s) moved for XBTUSD 
Jun-10 16:49:49:[96m WS[0m 1 order(s) created for XBTU19 
Jun-10 16:57:13:[96m WS[0m [33mExec [33m- [33mSell [33m10 [33mContracts [33mXBTUSD [33m@ [33m7955-> [0m
Jun-10 17:05:36:[96m WS[0m [33mExec [33m- [33mSell [33m20 [33mContracts [33mXBTUSD [33m@ [33m7970-> [0m
Jun-10 17:54:46:[96m WS[0m 1 order(s) created for XBTUSD 
Jun-10 17:54:46:[96m WS[0m [33mExec [33m- [33mBuy [33m30 [33mContracts [33mXBTUSD [33m@ [33m7962.5-> [0m
Jun-10 17:54:46:[96m WS[0m 1 order(s) canceled for XBTUSD
Jun-10 17:54:51:[96m WS[0m 48 order(s) canceled for XBTUSD
Jun-10 19:14:04:[96m WS[0m 1 order(s) moved for XBTU19 
Jun-10 19:14:04:[96m WS[0m [33mExec [33m- [33mSell [33m1009 [33mContracts [33mXBTU19 [33m@ [33m7746-> [0m
Jun-10 19:14:15:[96m WS[0m 1 order(s) canceled for XBTU19
Jun-10 19:14:15:[96m WS[0m 25 order(s) moved for XBTU19 
Jun-10 19:14:25:[96m WS[0m 6 order(s) created for XBTUSD 
Jun-10 19:14:25:[96m WS[0m 1 order(s) moved for XBTUSD 
Jun-10 19:14:25:[96m WS[0m [33mExec [33m- [33mSell [33m336 [33mContracts [33mXBTUSD [33m@ [33m7754.5-> [0m
Jun-10 19:14:26:[96m WS[0m 25 order(s) created for XBTUSD 
Jun-10 19:29:52:[96m WS[0m 1 order(s) created for XBTUSD 
Jun-10 19:29:52:[96m WS[0m [33mExec [33m- [33mBuy [33m336 [33mContracts [33mXBTUSD [33m@ [33m7963-> [0m
Jun-10 19:29:52:[96m WS[0m 1 order(s) canceled for XBTUSD
Jun-10 19:29:52:[96m WS[0m 30 order(s) canceled for XBTUSD
Jun-10 19:58:45:[96m WS[0m 25 order(s) created for XBTUSD 
Jun-10 21:28:45:[96m WS[0m 7 order(s) created for ETHUSD 
Jun-10 21:28:46:[96m WS[0m 1 order(s) moved for ETHUSD 
Jun-10 21:28:47:[96m WS[0m [33mExec [33m- [33mSell [33m468 [33mContracts [33mETHUSD [33m@ [33m238.15-> [0m
Jun-10 21:28:49:[96m WS[0m 3 order(s) canceled for ETHUSD
Jun-10 22:16:24:[96m WS.Err[0m.6 [91mExit [91mCase [91m- [91mConnection [91mis [91malready [91mclosed. [0m
Jun-10 22:16:27:[96m WS.Err[0m.6 [91mExit [91mCase [91m- [91mHandshake [91mstatus [91m503 [0m
Jun-10 22:16:29:[33m Couldn't connect to WS! Retrying ![0m
Jun-10 22:16:29:[96m WS[0m Connecting... V.1.3b 
Jun-10 22:16:33:[96m WS[0m Subscribed to 41 strings in total 
Jun-10 22:16:39:[96m WS[0m Connecting... V.1.3b 
Jun-10 22:16:45:[96m WS[0m Subscribed to 41 strings in total 
Jun-10 22:24:47:[96m WS.Err[0m.6 [91mExit [91mCase [91m- [91mConnection [91mis [91malready [91mclosed. [0m
Jun-10 22:24:47:[96m WS[0m Connecting... V.1.3b 
Jun-10 22:24:56:[96m WS[0m Subscribed to 41 strings in total 
Jun-10 22:26:04:[96m WS.Err[0m.6 [91mExit [91mCase [91m- [91mConnection [91mis [91malready [91mclosed. [0m
Jun-10 22:26:09:[96m WS[0m Connecting... V.1.3b 
Jun-10 22:26:13:[96m WS[0m Subscribed to 41 strings in total 
Jun-10 22:33:11:[96m WS[0m 25 order(s) created for XBTUSD 
Jun-10 22:40:32:[96m WS[0m [33mExec [33m- [33mSell [33m8 [33mContracts [33mXBTU19 [33m@ [33m8019-> [0m
Jun-10 22:45:36:[96m WS[0m [33mExec [33m- [33mSell [33m10 [33mContracts [33mXBTUSD [33m@ [33m8011-> [0m
Jun-10 23:09:34:[96m WS[0m 1 order(s) created for XBTUSD 
Jun-10 23:09:34:[96m WS[0m 1 order(s) moved for XBTUSD 
Jun-10 23:09:34:[96m WS[0m [33mExec [33m- [33mSell [33m664 [33mContracts [33mXBTUSD [33m@ [33m7772.5-> [0m
Jun-10 23:09:48:[96m WS[0m 1 order(s) created for XBTUSD 
Jun-10 23:09:48:[96m WS[0m 1 order(s) moved for XBTUSD 
Jun-10 23:09:48:[96m WS[0m [33mExec [33m- [33mSell [33m335 [33mContracts [33mXBTUSD [33m@ [33m7770.5-> [0m
Jun-10 23:31:10:[96m WS[0m 1 order(s) created for XBTUSD 
Jun-10 23:31:10:[96m WS[0m SL placed for XBTUSD @ 8002
Jun-10 23:31:10:[96m WS[0m 1 order(s) created for XBTUSD 
Jun-10 23:31:10:[96m WS[0m SL placed for XBTUSD @ 8002
Jun-10 23:31:11:[96m WS[0m 1 order(s) created for XBTUSD 
Jun-10 23:31:11:[96m WS[0m SL placed for XBTUSD @ 8002
Jun-10 23:31:14:[96m WS[0m 1 order(s) created for XBTUSD 
Jun-10 23:31:14:[96m WS[0m SL placed for XBTUSD @ 8002
Jun-10 23:31:15:[96m WS[0m 1 order(s) created for XBTUSD 
Jun-10 23:31:15:[96m WS[0m SL placed for XBTUSD @ 8002
Jun-10 23:31:17:[96m WS[0m 1 order(s) created for XBTUSD 
Jun-10 23:31:17:[96m WS[0m SL placed for XBTUSD @ 8002
Jun-10 23:31:18:[96m WS[0m 1 order(s) created for XBTUSD 
Jun-10 23:31:18:[96m WS[0m SL placed for XBTUSD @ 8002
Jun-10 23:34:17:[96m WS[0m 1 order(s) created for XBTUSD 
Jun-10 23:34:18:[96m WS[0m [33mExec [33m- [33mBuy [33m1009 [33mContracts [33mXBTUSD [33m@ [33m7936.5-> [0m
Jun-10 23:34:18:[96m WS[0m 1 order(s) canceled for XBTUSD
Jun-10 23:45:06:[96m WS[0m 7 order(s) created for XBTUSD 
Jun-10 23:45:06:[96m WS[0m 1 order(s) moved for XBTUSD 
Jun-10 23:45:06:[96m WS[0m [33mExec [33m- [33mBuy [33m337 [33mContracts [33mXBTUSD [33m@ [33m8156.5-> [0m
Jun-10 23:45:19:[96m WS[0m 25 order(s) created for XBTUSD 
Jun-10 23:45:29:[96m WS[0m- XBTUSD TP New Limit Order : 247 Contracts @ 8049 
Jun-10 23:45:31:[96m WS[0m- XBTUSD TP Moved Limit Order : 247 Contracts @ 8049 
Jun-10 23:46:29:[96m WS[0m [33mExec [33m- [33mBuy [33m4 [33mContracts [33mXBTUSD [33m@ [33m7905.5-> [0m
Jun-11 01:15:49:[96m WS[0m 8 order(s) canceled for XBTUSD
Jun-11 01:15:49:[96m WS[0m 1 order(s) created for XBTUSD 
Jun-11 01:15:49:[96m WS[0m SL placed for XBTUSD @ 7922.5
Jun-11 01:15:49:[96m WS[0m 24 order(s) canceled for XBTUSD
Jun-11 02:28:36:[96m WS[0m [33mExec [33m- [33mSell [33m16 [33mContracts [33mXBTU19 [33m@ [33m8041.5-> [0m
Jun-11 02:58:35:[96m WS[0m [33mExec [33m- [33mSell [33m20 [33mContracts [33mXBTUSD [33m@ [33m8021.5-> [0m
Jun-11 03:00:49:[96m WS[0m [33mExec [33m- [33mSell [33m30 [33mContracts [33mXBTUSD [33m@ [33m8031.5-> [0m
Jun-11 03:00:53:[96m WS[0m [33mExec [33m- [33mSell [33m40 [33mContracts [33mXBTUSD [33m@ [33m8042-> [0m
Jun-11 03:00:56:[96m WS[0m [33mExec [33m- [33mSell [33m24 [33mContracts [33mXBTU19 [33m@ [33m8064-> [0m
Jun-11 03:01:32:[96m WS[0m [33mExec [33m- [33mSell [33m247 [33mContracts [33mXBTUSD [33m@ [33m8049-> [0m
Jun-11 03:01:36:[96m WS[0m [33mExec [33m- [33mSell [33m50 [33mContracts [33mXBTUSD [33m@ [33m8052.5-> [0m
Jun-11 03:06:49:[96m WS[0m [33mExec [33m- [33mSell [33m8 [33mContracts [33mXBTUSD [33m@ [33m8058.5-> [0m
Jun-11 03:06:52:[96m WS[0m [33mExec [33m- [33mSell [33m32 [33mContracts [33mXBTU19 [33m@ [33m8086.5-> [0m
Jun-11 03:11:18:[96m WS[0m 1 order(s) canceled for XBTUSD
Jun-11 03:11:21:[96m WS[0m 1 order(s) created for XBTUSD 
Jun-11 03:11:21:[96m WS[0m SL placed for XBTUSD @ 8049
Jun-11 03:11:25:[96m WS[0m 50 order(s) canceled for XBTUSD
Jun-11 09:37:13:[96m WS[0m 1 order(s) created for XBTUSD 
Jun-11 09:37:13:[96m WS[0m [33mExec [33m- [33mBuy [33m54 [33mContracts [33mXBTUSD [33m@ [33m7945-> [0m
Jun-11 09:37:13:[96m WS[0m 1 order(s) canceled for XBTUSD
Jun-11 09:37:17:[96m WS[0m 7 order(s) created for XBTUSD 
Jun-11 09:37:17:[96m WS[0m 1 order(s) moved for XBTUSD 
Jun-11 09:37:17:[96m WS[0m [33mExec [33m- [33mBuy [33m682 [33mContracts [33mXBTUSD [33m@ [33m8183.5-> [0m
Jun-11 09:37:37:[96m WS[0m 25 order(s) created for XBTUSD 
Jun-11 09:44:37:[96m WS[0m [33mExec [33m- [33mBuy [33m6 [33mContracts [33mXBTUSD [33m@ [33m7931.5-> [0m
Jun-11 10:02:11:[96m WS[0m [33mExec [33m- [33mBuy [33m12 [33mContracts [33mXBTUSD [33m@ [33m7922-> [0m
Jun-11 10:18:51:[96m WS[0m [33mExec [33m- [33mBuy [33m18 [33mContracts [33mXBTUSD [33m@ [33m7912.5-> [0m
Jun-11 11:57:50:[96m WS[0m 1 order(s) created for XBTUSD 
Jun-11 11:57:51:[96m WS[0m [33mExec [33m- [33mSell [33m718 [33mContracts [33mXBTUSD [33m@ [33m7954-> [0m
Jun-11 12:11:42:[96m WS[0m 28 order(s) canceled for XBTUSD
Jun-11 12:18:53:[96m WS[0m 7 order(s) created for XBTUSD 
Jun-11 12:18:53:[96m WS[0m 1 order(s) moved for XBTUSD 
Jun-11 12:18:54:[96m WS[0m [33mExec [33m- [33mBuy [33m341 [33mContracts [33mXBTUSD [33m@ [33m8189.5-> [0m
Jun-11 12:18:54:[96m WS[0m 25 order(s) created for XBTUSD 
Jun-11 12:20:36:[96m WS[0m [33mExec [33m- [33mBuy [33m4 [33mContracts [33mXBTUSD [33m@ [33m7947-> [0m
Jun-11 12:21:28:[96m WS[0m [33mExec [33m- [33mBuy [33m8 [33mContracts [33mXBTUSD [33m@ [33m7944.5-> [0m
Jun-11 12:21:32:[96m WS[0m [33mExec [33m- [33mBuy [33m12 [33mContracts [33mXBTUSD [33m@ [33m7942.5-> [0m
Jun-11 12:21:40:[96m WS[0m [33mExec [33m- [33mBuy [33m16 [33mContracts [33mXBTUSD [33m@ [33m7940-> [0m
Jun-11 12:38:07:[33m=== Exit stdout Flush ===[0m
Jun-11 12:38:07:[33mNone[0m
