 Jun-17 18:16:27:Log located in /home/slym/PycharmProjects/MEXBOT/Cython/Core/AuxO9hbNQfSWK79XbfmZwdx4s6V.log
   
 |   Alpha Public version ; expires 07.07.2019. Updates will follow !                              |
 [33m|   Disclaimer : You assume all risks and responsibilities by using this software's beta          |[0m
 [33m|                version ! It may contain bugs...                                                 |[0m
 |   If you enjoy this script consider opening an account under my ref. link and enjoy a 6         |
 |   months 10% trading fee rebate: https://www.bitmex.com/register/sWN0ys                         |
 |   ( Some additional features will be added for referred accounts )                              |
 |                        Thank you !                         [96mTwitter @slym85[0m / [95mTelegram @JohnN_N[0m  |
 |                                                               https://github.com/John-NN/MexUI  |
   
Jun-17 18:16:29:[96m WS[0m Connecting... V.1.4 
Jun-17 18:16:29:[33m Commission Check: Fee is 0.75% Taker ; [33mAccount is not reffered ![0m
Jun-17 18:16:29: Why not open a new account under my ref. link ? 6 months rebate , remember ? 
Jun-17 18:16:36:[96m WS[0m Connecting... V.1.4 
Jun-17 18:16:39:[96m WS[0m Subscribed to 65 strings in total 
Jun-17 18:17:08: [96mBreak Even Enabled[0m: XBTUSD Trigger = 9188.0 SL to place @ 9274.0
Jun-17 18:17:31:[95m Grids.Module[0m [92mLong[0m: XBTUSD with D'alenbert Progression starting 9233.0 up
Jun-17 18:17:31:[33m      ====> Using 2.0 X PoB spread across 22 orders with 0.0001% interval[0m
Jun-17 18:17:31:[96m WS[0m 22 order(s) created for XBTUSD 
Jun-17 18:17:36:[95m Grids.Module[0m [91mShort[0m: XBTUSD with D'alenbert Progression starting 9234.0 up
Jun-17 18:17:36:[33m      ====> Using 1.5 X PoB spread across 22 orders with 0.0001% interval[0m
Jun-17 18:17:36:[95m Grids.Module[0m [91mSell [91mFat [91mfinger [91m- [91mplaced [91mnearest [91m| [91mTicker [91mwas [91m9277.5 [91m| [91mLevel [91m0 [0m
Jun-17 18:17:36:[96m WS[0m 22 order(s) created for XBTUSD 
Jun-17 18:17:39:[95m Clean.Module[0m [33mRequest [33mfor [33mXBTUSD [0m
Jun-17 18:17:39:[96m WS[0m 44 order(s) canceled for XBTUSD
Jun-17 18:17:39:[95m Clean.Module[0m 44 order(s) for XBTUSD canceled [92mOK ![0m
Jun-17 18:18:36:[95m Market.Module[0m Command received for XBTUSD ; [91mShort[0m 0.26X PoB
Jun-17 18:18:37:[95m Market.Module[0m Will open 221.0 Contracts ; Final = -234 for XBTUSD
Jun-17 18:18:38:[96m WS[0m 1 order(s) created for XBTUSD 
Jun-17 18:18:38:[96m WS[0m 1 order(s) moved for XBTUSD 
Jun-17 18:18:39:[96m WS[0m [33mExec [33m- [33mBuy [33m221 [33mContracts [33mXBTUSD [33m@ [33m9557.5-> [0m
Jun-17 18:18:39:[95m Market.Module[0m Trade 221 contracts for XBTUSD [92mOK ![0m
Jun-17 18:18:39:[95m Market.Module[0m Command received for XBTUSD ; [91mShort[0m 0.26X PoB
Jun-17 18:18:39:[95m Market.Module[0m Will open 0 Contracts ; Final = -234.0 for XBTUSD
Jun-17 18:18:39:[95m Market.Module[0m [33mNo [33maction [33mfor [33mXBTUSD [0m
Jun-17 18:20:05:[95m Market.Module[0m Command received for XBTUSD ; [92mLong[0m 1.0X PoB
Jun-17 18:20:05:[95m Market.Module[0m Will open 956.0 Contracts ; Final = 722 for XBTUSD
Jun-17 18:20:05:[96m WS[0m 2 order(s) created for XBTUSD 
Jun-17 18:20:05:[96m WS[0m 1 order(s) moved for XBTUSD 
Jun-17 18:20:06:[96m WS[0m [33mExec [33m- [33mBuy [33m956 [33mContracts [33mXBTUSD [33m@ [33m9559.5-> [0m
Jun-17 18:20:06:[95m Market.Module[0m Trade 956 contracts for XBTUSD [92mOK ![0m
Jun-17 18:20:07:[95m Market.Module[0m Command received for XBTUSD ; [92mLong[0m 1.0X PoB
Jun-17 18:20:07:[95m Market.Module[0m Will open 181.0 Contracts ; Final = 903 for XBTUSD
Jun-17 18:20:07:[96m WS[0m 1 order(s) created for XBTUSD 
Jun-17 18:20:07:[96m WS[0m 1 order(s) moved for XBTUSD 
Jun-17 18:20:07:[95m Market.Module[0m Trade 181 contracts for XBTUSD [92mOK ![0m
Jun-17 18:20:10:[95m Clean.Module[0m [33mRequest [33mfor [33mXBTUSD [0m
Jun-17 18:20:10:[96m WS[0m 1 order(s) canceled for XBTUSD
Jun-17 18:20:14:[95m Clean.Module[0m [91mFailed [91m! [91mmax [91mretries [91mHIT [91m! [0m
Jun-17 18:22:41:[33m=== Exit stdout Flush ===[0m
Jun-17 18:22:41:[33mNone[0m
Jun-17 19:05:54:Log located in /home/slym/PycharmProjects/MEXBOT/Cython/Core/AuxO9hbNQfSWK79XbfmZwdx4s6V.log
   
 |   Alpha Public version ; expires 07.07.2019. Updates will follow !                              |
 [33m|   Disclaimer : You assume all risks and responsibilities by using this software's beta          |[0m
 [33m|                version ! It may contain bugs...                                                 |[0m
 |   If you enjoy this script consider opening an account under my ref. link and enjoy a 6         |
 |   months 10% trading fee rebate: https://www.bitmex.com/register/sWN0ys                         |
 |   ( Some additional features will be added for referred accounts )                              |
 |                        Thank you !                         [96mTwitter @slym85[0m / [95mTelegram @JohnN_N[0m  |
 |                                                               https://github.com/John-NN/MexUI  |
   
Jun-17 19:05:55:[96m WS[0m Connecting... V.1.4 
Jun-17 19:05:56:[33m Commission Check: Fee is 0.75% Taker ; [33mAccount is not reffered ![0m
Jun-17 19:05:56: Why not open a new account under my ref. link ? 6 months rebate , remember ? 
Jun-17 19:06:02:[96m WS[0m Connecting... V.1.4 
Jun-17 19:06:05:[96m WS[0m Subscribed to 65 strings in total 
Jun-17 19:06:26:[95m Market.Module[0m Command received for XBTUSD ; [91mShort[0m 1.5X PoB
Jun-17 19:06:26:[95m Market.Module[0m Will open 2563.0 Contracts ; Final = -1056 for XBTUSD
Jun-17 19:06:26:[96m WS[0m 1 order(s) moved for XBTUSD 
Jun-17 19:06:27:[95m Market.Module[0m Trade 2563 contracts for XBTUSD [92mOK ![0m
Jun-17 19:06:27:[95m Market.Module[0m Command received for XBTUSD ; [91mShort[0m 1.5X PoB
Jun-17 19:06:27:[95m Market.Module[0m Will open 273.0 Contracts ; Final = -1329 for XBTUSD
Jun-17 19:06:28:[95m Market.Module[0m Trade 273 contracts for XBTUSD [92mOK ![0m
Jun-17 19:06:42:[95m Market.Module[0m Command received for XBTUSD ; [91mShort[0m 0.5X PoB
Jun-17 19:06:42:[95m Market.Module[0m Will open 613.0 Contracts ; Final = -443 for XBTUSD
Jun-17 19:06:43:[96m WS[0m 1 order(s) created for XBTUSD 
Jun-17 19:06:43:[96m WS[0m 1 order(s) moved for XBTUSD 
Jun-17 19:06:44:[95m Market.Module[0m Trade 613 contracts for XBTUSD [92mOK ![0m
Jun-17 19:06:44:[95m Market.Module[0m Command received for XBTUSD ; [91mShort[0m 0.5X PoB
Jun-17 19:06:44:[95m Market.Module[0m Will open 1.0 Contracts ; Final = -442 for XBTUSD
Jun-17 19:06:44:[96m WS[0m 1 order(s) created for XBTUSD 
Jun-17 19:06:45:[96m WS[0m 1 order(s) moved for XBTUSD 
Jun-17 19:06:45:[95m Market.Module[0m Trade 1 contracts for XBTUSD [92mOK ![0m
Jun-17 19:06:47:[95m Clean.Module[0m [33mRequest [33mfor [33mXBTUSD [0m
Jun-17 19:06:51:[95m Clean.Module[0m [91mFailed [91m! [91mmax [91mretries [91mHIT [91m! [0m
Jun-17 19:06:51:[95m Market.Module[0m Command received for XBTUSD ; [92mLong[0m 0.1X PoB
Jun-17 19:06:51:[95m Market.Module[0m Will open 88 Contracts ; Final = -354.0 for XBTUSD
Jun-17 19:06:51:[96m WS[0m 1 order(s) created for XBTUSD 
Jun-17 19:06:52:[96m WS[0m 1 order(s) moved for XBTUSD 
Jun-17 19:06:52:[95m Market.Module[0m Trade 88 contracts for XBTUSD [92mOK ![0m
Jun-17 19:06:58:[95m Clean.Module[0m [91mFailed [91m! [91mmax [91mretries [91mHIT [91m! [0m
